<?xml version="1.0" encoding="UTF-8"?>
<testsuite xmlns:xsi="http://www.w3.org/2001/XMLSchema-instance" xsi:noNamespaceSchemaLocation="https://maven.apache.org/surefire/maven-surefire-plugin/xsd/surefire-test-report.xsd" name="com.alibaba.csp.sentinel.dashboard.config.DashboardConfigTest" time="0.068" tests="2" errors="0" skipped="0" failures="0">
  <properties>
[...]
</properties>
  <testcase name="testGetConfigInt" classname="com.alibaba.csp.sentinel.dashboard.config.DashboardConfigTest" time="0.013"/>
  <testcase name="testGetConfigStr" classname="com.alibaba.csp.sentinel.dashboard.config.DashboardConfigTest" time="0"/>
</testsuite>