<?xml version="1.0" encoding="UTF-8" standalone="yes"?><!DOCTYPE report PUBLIC "-//JACOCO//DTD Report 1.1//EN" "report.dtd"><report name="sentinel-dashboard"><sessioninfo id="HX107890-b677617d" start="1627982451906" dump="1627982457774"/><package name="com/alibaba/csp/sentinel/dashboard/datasource/entity/gateway"><class name="com/alibaba/csp/sentinel/dashboard/datasource/entity/gateway/GatewayFlowRuleEntity" sourcefilename="GatewayFlowRuleEntity.java"><method name="&lt;init&gt;" desc="()V" line="32"><counter type="INSTRUCTION" missed="0" covered="3"/><counter type="LINE" missed="0" covered="1"/><counter type="COMPLEXITY" missed="0" covered="1"/><counter type="METHOD" missed="0" covered="1"/></method><method name="calIntervalSec" desc="(Ljava/lang/Long;Ljava/lang/Integer;)Ljava/lang/Long;" line="68"><counter type="INSTRUCTION" missed="41" covered="0"/><counter type="BRANCH" missed="5" covered="0"/><counter type="LINE" missed="6" covered="0"/><counter type="COMPLEXITY" missed="5" covered="0"/><counter type="METHOD" missed="1" covered="0"/></method><method name="parseIntervalSec" desc="(Ljava/lang/Long;)[Ljava/lang/Object;" line="85"><counter type="INSTRUCTION" missed="81" covered="0"/><counter type="BRANCH" missed="6" covered="0"/><counter type="LINE" missed="7" covered="0"/><counter type="COMPLEXITY" missed="4" covered="0"/><counter type="METHOD" missed="1" covered="0"/></method><method name="toGatewayFlowRule" desc="()Lcom/alibaba/csp/sentinel/adapter/gateway/common/rule/GatewayFlowRule;" line="101"><counter type="INSTRUCTION" missed="103" covered="0"/><counter type="BRANCH" missed="8" covered="0"/><counter type="LINE" missed="20" covered="0"/><counter type="COMPLEXITY" missed="5" covered="0"/><counter type="METHOD" missed="1" covered="0"/></method><method name="fromGatewayFlowRule" desc="(Ljava/lang/String;Ljava/lang/String;Ljava/lang/Integer;Lcom/alibaba/csp/sentinel/adapter/gateway/common/rule/GatewayFlowRule;)Lcom/alibaba/csp/sentinel/dashboard/datasource/entity/gateway/GatewayFlowRuleEntity;" line="135"><counter type="INSTRUCTION" missed="96" covered="0"/><counter type="BRANCH" missed="2" covered="0"/><counter type="LINE" missed="23" covered="0"/><counter type="COMPLEXITY" missed="2" covered="0"/><counter type="METHOD" missed="1" covered="0"/></method><method name="getId" desc="()Ljava/lang/Long;" line="168"><counter type="INSTRUCTION" missed="0" covered="3"/><counter type="LINE" missed="0" covered="1"/><counter type="COMPLEXITY" missed="0" covered="1"/><counter type="METHOD" missed="0" covered="1"/></method><method name="setId" desc="(Ljava/lang/Long;)V" line="173"><counter type="INSTRUCTION" missed="0" covered="4"/><counter type="LINE" missed="0" covered="2"/><counter type="COMPLEXITY" missed="0" covered="1"/><counter type="METHOD" missed="0" covered="1"/></method><method name="getApp" desc="()Ljava/lang/String;" line="178"><counter type="INSTRUCTION" missed="0" covered="3"/><counter type="LINE" missed="0" covered="1"/><counter type="COMPLEXITY" missed="0" covered="1"/><counter type="METHOD" missed="0" covered="1"/></method><method name="setApp" desc="(Ljava/lang/String;)V" line="182"><counter type="INSTRUCTION" missed="0" covered="4"/><counter type="LINE" missed="0" covered="2"/><counter type="COMPLEXITY" missed="0" covered="1"/><counter type="METHOD" missed="0" covered="1"/></method><method name="getIp" desc="()Ljava/lang/String;" line="187"><counter type="INSTRUCTION" missed="0" covered="3"/><counter type="LINE" missed="0" covered="1"/><counter type="COMPLEXITY" missed="0" covered="1"/><counter type="METHOD" missed="0" covered="1"/></method><method name="setIp" desc="(Ljava/lang/String;)V" line="191"><counter type="INSTRUCTION" missed="0" covered="4"/><counter type="LINE" missed="0" covered="2"/><counter type="COMPLEXITY" missed="0" covered="1"/><counter type="METHOD" missed="0" covered="1"/></method><method name="getPort" desc="()Ljava/lang/Integer;" line="196"><counter type="INSTRUCTION" missed="0" covered="3"/><counter type="LINE" missed="0" covered="1"/><counter type="COMPLEXITY" missed="0" covered="1"/><counter type="METHOD" missed="0" covered="1"/></method><method name="setPort" desc="(Ljava/lang/Integer;)V" line="200"><counter type="INSTRUCTION" missed="0" covered="4"/><counter type="LINE" missed="0" covered="2"/><counter type="COMPLEXITY" missed="0" covered="1"/><counter type="METHOD" missed="0" covered="1"/></method><method name="getGmtCreate" desc="()Ljava/util/Date;" line="205"><counter type="INSTRUCTION" missed="0" covered="3"/><counter type="LINE" missed="0" covered="1"/><counter type="COMPLEXITY" missed="0" covered="1"/><counter type="METHOD" missed="0" covered="1"/></method><method name="setGmtCreate" desc="(Ljava/util/Date;)V" line="209"><counter type="INSTRUCTION" missed="0" covered="4"/><counter type="LINE" missed="0" covered="2"/><counter type="COMPLEXITY" missed="0" covered="1"/><counter type="METHOD" missed="0" covered="1"/></method><method name="toRule" desc="()Lcom/alibaba/csp/sentinel/slots/block/Rule;" line="214"><counter type="INSTRUCTION" missed="2" covered="0"/><counter type="LINE" missed="1" covered="0"/><counter type="COMPLEXITY" missed="1" covered="0"/><counter type="METHOD" missed="1" covered="0"/></method><method name="getGmtModified" desc="()Ljava/util/Date;" line="218"><counter type="INSTRUCTION" missed="0" covered="3"/><counter type="LINE" missed="0" covered="1"/><counter type="COMPLEXITY" missed="0" covered="1"/><counter type="METHOD" missed="0" covered="1"/></method><method name="setGmtModified" desc="(Ljava/util/Date;)V" line="222"><counter type="INSTRUCTION" missed="0" covered="4"/><counter type="LINE" missed="0" covered="2"/><counter type="COMPLEXITY" missed="0" covered="1"/><counter type="METHOD" missed="0" covered="1"/></method><method name="getParamItem" desc="()Lcom/alibaba/csp/sentinel/dashboard/datasource/entity/gateway/GatewayParamFlowItemEntity;" line="226"><counter type="INSTRUCTION" missed="0" covered="3"/><counter type="LINE" missed="0" covered="1"/><counter type="COMPLEXITY" missed="0" covered="1"/><counter type="METHOD" missed="0" covered="1"/></method><method name="setParamItem" desc="(Lcom/alibaba/csp/sentinel/dashboard/datasource/entity/gateway/GatewayParamFlowItemEntity;)V" line="230"><counter type="INSTRUCTION" missed="0" covered="4"/><counter type="LINE" missed="0" covered="2"/><counter type="COMPLEXITY" missed="0" covered="1"/><counter type="METHOD" missed="0" covered="1"/></method><method name="getResource" desc="()Ljava/lang/String;" line="234"><counter type="INSTRUCTION" missed="0" covered="3"/><counter type="LINE" missed="0" covered="1"/><counter type="COMPLEXITY" missed="0" covered="1"/><counter type="METHOD" missed="0" covered="1"/></method><method name="setResource" desc="(Ljava/lang/String;)V" line="238"><counter type="INSTRUCTION" missed="0" covered="4"/><counter type="LINE" missed="0" covered="2"/><counter type="COMPLEXITY" missed="0" covered="1"/><counter type="METHOD" missed="0" covered="1"/></method><method name="getResourceMode" desc="()Ljava/lang/Integer;" line="242"><counter type="INSTRUCTION" missed="0" covered="3"/><counter type="LINE" missed="0" covered="1"/><counter type="COMPLEXITY" missed="0" covered="1"/><counter type="METHOD" missed="0" covered="1"/></method><method name="setResourceMode" desc="(Ljava/lang/Integer;)V" line="246"><counter type="INSTRUCTION" missed="0" covered="4"/><counter type="LINE" missed="0" covered="2"/><counter type="COMPLEXITY" missed="0" covered="1"/><counter type="METHOD" missed="0" covered="1"/></method><method name="getGrade" desc="()Ljava/lang/Integer;" line="250"><counter type="INSTRUCTION" missed="0" covered="3"/><counter type="LINE" missed="0" covered="1"/><counter type="COMPLEXITY" missed="0" covered="1"/><counter type="METHOD" missed="0" covered="1"/></method><method name="setGrade" desc="(Ljava/lang/Integer;)V" line="254"><counter type="INSTRUCTION" missed="0" covered="4"/><counter type="LINE" missed="0" covered="2"/><counter type="COMPLEXITY" missed="0" covered="1"/><counter type="METHOD" missed="0" covered="1"/></method><method name="getCount" desc="()Ljava/lang/Double;" line="258"><counter type="INSTRUCTION" missed="0" covered="3"/><counter type="LINE" missed="0" covered="1"/><counter type="COMPLEXITY" missed="0" covered="1"/><counter type="METHOD" missed="0" covered="1"/></method><method name="setCount" desc="(Ljava/lang/Double;)V" line="262"><counter type="INSTRUCTION" missed="0" covered="4"/><counter type="LINE" missed="0" covered="2"/><counter type="COMPLEXITY" missed="0" covered="1"/><counter type="METHOD" missed="0" covered="1"/></method><method name="getInterval" desc="()Ljava/lang/Long;" line="266"><counter type="INSTRUCTION" missed="0" covered="3"/><counter type="LINE" missed="0" covered="1"/><counter type="COMPLEXITY" missed="0" covered="1"/><counter type="METHOD" missed="0" covered="1"/></method><method name="setInterval" desc="(Ljava/lang/Long;)V" line="270"><counter type="INSTRUCTION" missed="0" covered="4"/><counter type="LINE" missed="0" covered="2"/><counter type="COMPLEXITY" missed="0" covered="1"/><counter type="METHOD" missed="0" covered="1"/></method><method name="getIntervalUnit" desc="()Ljava/lang/Integer;" line="274"><counter type="INSTRUCTION" missed="0" covered="3"/><counter type="LINE" missed="0" covered="1"/><counter type="COMPLEXITY" missed="0" covered="1"/><counter type="METHOD" missed="0" covered="1"/></method><method name="setIntervalUnit" desc="(Ljava/lang/Integer;)V" line="278"><counter type="INSTRUCTION" missed="0" covered="4"/><counter type="LINE" missed="0" covered="2"/><counter type="COMPLEXITY" missed="0" covered="1"/><counter type="METHOD" missed="0" covered="1"/></method><method name="getControlBehavior" desc="()Ljava/lang/Integer;" line="282"><counter type="INSTRUCTION" missed="0" covered="3"/><counter type="LINE" missed="0" covered="1"/><counter type="COMPLEXITY" missed="0" covered="1"/><counter type="METHOD" missed="0" covered="1"/></method><method name="setControlBehavior" desc="(Ljava/lang/Integer;)V" line="286"><counter type="INSTRUCTION" missed="0" covered="4"/><counter type="LINE" missed="0" covered="2"/><counter type="COMPLEXITY" missed="0" covered="1"/><counter type="METHOD" missed="0" covered="1"/></method><method name="getBurst" desc="()Ljava/lang/Integer;" line="290"><counter type="INSTRUCTION" missed="0" covered="3"/><counter type="LINE" missed="0" covered="1"/><counter type="COMPLEXITY" missed="0" covered="1"/><counter type="METHOD" missed="0" covered="1"/></method><method name="setBurst" desc="(Ljava/lang/Integer;)V" line="294"><counter type="INSTRUCTION" missed="0" covered="4"/><counter type="LINE" missed="0" covered="2"/><counter type="COMPLEXITY" missed="0" covered="1"/><counter type="METHOD" missed="0" covered="1"/></method><method name="getMaxQueueingTimeoutMs" desc="()Ljava/lang/Integer;" line="298"><counter type="INSTRUCTION" missed="0" covered="3"/><counter type="LINE" missed="0" covered="1"/><counter type="COMPLEXITY" missed="0" covered="1"/><counter type="METHOD" missed="0" covered="1"/></method><method name="setMaxQueueingTimeoutMs" desc="(Ljava/lang/Integer;)V" line="302"><counter type="INSTRUCTION" missed="0" covered="4"/><counter type="LINE" missed="0" covered="2"/><counter type="COMPLEXITY" missed="0" covered="1"/><counter type="METHOD" missed="0" covered="1"/></method><method name="equals" desc="(Ljava/lang/Object;)Z" line="307"><counter type="INSTRUCTION" missed="3" covered="114"/><counter type="BRANCH" missed="18" covered="20"/><counter type="LINE" missed="0" covered="19"/><counter type="COMPLEXITY" missed="18" covered="2"/><counter type="METHOD" missed="0" covered="1"/></method><method name="hashCode" desc="()I" line="330"><counter type="INSTRUCTION" missed="84" covered="0"/><counter type="LINE" missed="1" covered="0"/><counter type="COMPLEXITY" missed="1" covered="0"/><counter type="METHOD" missed="1" covered="0"/></method><method name="toString" desc="()Ljava/lang/String;" line="335"><counter type="INSTRUCTION" missed="93" covered="0"/><counter type="LINE" missed="1" covered="0"/><counter type="COMPLEXITY" missed="1" covered="0"/><counter type="METHOD" missed="1" covered="0"/></method><counter type="INSTRUCTION" missed="503" covered="229"/><counter type="BRANCH" missed="39" covered="20"/><counter type="LINE" missed="59" covered="68"/><counter type="COMPLEXITY" missed="37" covered="35"/><counter type="METHOD" missed="7" covered="34"/><counter type="CLASS" missed="0" covered="1"/></class><class name="com/alibaba/csp/sentinel/dashboard/datasource/entity/gateway/ApiPredicateItemEntity" sourcefilename="ApiPredicateItemEntity.java"><method name="&lt;init&gt;" desc="()V" line="34"><counter type="INSTRUCTION" missed="0" covered="3"/><counter type="LINE" missed="0" covered="2"/><counter type="COMPLEXITY" missed="0" covered="1"/><counter type="METHOD" missed="0" covered="1"/></method><method name="&lt;init&gt;" desc="(Ljava/lang/String;I)V" line="37"><counter type="INSTRUCTION" missed="10" covered="0"/><counter type="LINE" missed="4" covered="0"/><counter type="COMPLEXITY" missed="1" covered="0"/><counter type="METHOD" missed="1" covered="0"/></method><method name="getPattern" desc="()Ljava/lang/String;" line="43"><counter type="INSTRUCTION" missed="0" covered="3"/><counter type="LINE" missed="0" covered="1"/><counter type="COMPLEXITY" missed="0" covered="1"/><counter type="METHOD" missed="0" covered="1"/></method><method name="setPattern" desc="(Ljava/lang/String;)V" line="47"><counter type="INSTRUCTION" missed="0" covered="4"/><counter type="LINE" missed="0" covered="2"/><counter type="COMPLEXITY" missed="0" covered="1"/><counter type="METHOD" missed="0" covered="1"/></method><method name="getMatchStrategy" desc="()Ljava/lang/Integer;" line="51"><counter type="INSTRUCTION" missed="0" covered="3"/><counter type="LINE" missed="0" covered="1"/><counter type="COMPLEXITY" missed="0" covered="1"/><counter type="METHOD" missed="0" covered="1"/></method><method name="setMatchStrategy" desc="(Ljava/lang/Integer;)V" line="55"><counter type="INSTRUCTION" missed="0" covered="4"/><counter type="LINE" missed="0" covered="2"/><counter type="COMPLEXITY" missed="0" covered="1"/><counter type="METHOD" missed="0" covered="1"/></method><method name="equals" desc="(Ljava/lang/Object;)Z" line="60"><counter type="INSTRUCTION" missed="5" covered="28"/><counter type="BRANCH" missed="5" covered="5"/><counter type="LINE" missed="0" covered="5"/><counter type="COMPLEXITY" missed="5" covered="1"/><counter type="METHOD" missed="0" covered="1"/></method><method name="hashCode" desc="()I" line="69"><counter type="INSTRUCTION" missed="0" covered="14"/><counter type="LINE" missed="0" covered="1"/><counter type="COMPLEXITY" missed="0" covered="1"/><counter type="METHOD" missed="0" covered="1"/></method><method name="toString" desc="()Ljava/lang/String;" line="74"><counter type="INSTRUCTION" missed="19" covered="0"/><counter type="LINE" missed="1" covered="0"/><counter type="COMPLEXITY" missed="1" covered="0"/><counter type="METHOD" missed="1" covered="0"/></method><counter type="INSTRUCTION" missed="34" covered="59"/><counter type="BRANCH" missed="5" covered="5"/><counter type="LINE" missed="5" covered="14"/><counter type="COMPLEXITY" missed="7" covered="7"/><counter type="METHOD" missed="2" covered="7"/><counter type="CLASS" missed="0" covered="1"/></class><class name="com/alibaba/csp/sentinel/dashboard/datasource/entity/gateway/ApiDefinitionEntity" sourcefilename="ApiDefinitionEntity.java"><method name="fromApiDefinition" desc="(Ljava/lang/String;Ljava/lang/String;Ljava/lang/Integer;Lcom/alibaba/csp/sentinel/adapter/gateway/common/api/ApiDefinition;)Lcom/alibaba/csp/sentinel/dashboard/datasource/entity/gateway/ApiDefinitionEntity;" line="49"><counter type="INSTRUCTION" missed="62" covered="0"/><counter type="BRANCH" missed="4" covered="0"/><counter type="LINE" missed="17" covered="0"/><counter type="COMPLEXITY" missed="3" covered="0"/><counter type="METHOD" missed="1" covered="0"/></method><method name="toApiDefinition" desc="()Lcom/alibaba/csp/sentinel/adapter/gateway/common/api/ApiDefinition;" line="73"><counter type="INSTRUCTION" missed="53" covered="0"/><counter type="BRANCH" missed="4" covered="0"/><counter type="LINE" missed="12" covered="0"/><counter type="COMPLEXITY" missed="3" covered="0"/><counter type="METHOD" missed="1" covered="0"/></method><method name="&lt;init&gt;" desc="()V" line="91"><counter type="INSTRUCTION" missed="0" covered="3"/><counter type="LINE" missed="0" covered="2"/><counter type="COMPLEXITY" missed="0" covered="1"/><counter type="METHOD" missed="0" covered="1"/></method><method name="&lt;init&gt;" desc="(Ljava/lang/String;Ljava/util/Set;)V" line="95"><counter type="INSTRUCTION" missed="9" covered="0"/><counter type="LINE" missed="4" covered="0"/><counter type="COMPLEXITY" missed="1" covered="0"/><counter type="METHOD" missed="1" covered="0"/></method><method name="getApiName" desc="()Ljava/lang/String;" line="101"><counter type="INSTRUCTION" missed="0" covered="3"/><counter type="LINE" missed="0" covered="1"/><counter type="COMPLEXITY" missed="0" covered="1"/><counter type="METHOD" missed="0" covered="1"/></method><method name="setApiName" desc="(Ljava/lang/String;)V" line="105"><counter type="INSTRUCTION" missed="0" covered="4"/><counter type="LINE" missed="0" covered="2"/><counter type="COMPLEXITY" missed="0" covered="1"/><counter type="METHOD" missed="0" covered="1"/></method><method name="getPredicateItems" desc="()Ljava/util/Set;" line="109"><counter type="INSTRUCTION" missed="0" covered="3"/><counter type="LINE" missed="0" covered="1"/><counter type="COMPLEXITY" missed="0" covered="1"/><counter type="METHOD" missed="0" covered="1"/></method><method name="setPredicateItems" desc="(Ljava/util/Set;)V" line="113"><counter type="INSTRUCTION" missed="0" covered="4"/><counter type="LINE" missed="0" covered="2"/><counter type="COMPLEXITY" missed="0" covered="1"/><counter type="METHOD" missed="0" covered="1"/></method><method name="getId" desc="()Ljava/lang/Long;" line="118"><counter type="INSTRUCTION" missed="0" covered="3"/><counter type="LINE" missed="0" covered="1"/><counter type="COMPLEXITY" missed="0" covered="1"/><counter type="METHOD" missed="0" covered="1"/></method><method name="setId" desc="(Ljava/lang/Long;)V" line="123"><counter type="INSTRUCTION" missed="0" covered="4"/><counter type="LINE" missed="0" covered="2"/><counter type="COMPLEXITY" missed="0" covered="1"/><counter type="METHOD" missed="0" covered="1"/></method><method name="getApp" desc="()Ljava/lang/String;" line="128"><counter type="INSTRUCTION" missed="0" covered="3"/><counter type="LINE" missed="0" covered="1"/><counter type="COMPLEXITY" missed="0" covered="1"/><counter type="METHOD" missed="0" covered="1"/></method><method name="setApp" desc="(Ljava/lang/String;)V" line="132"><counter type="INSTRUCTION" missed="0" covered="4"/><counter type="LINE" missed="0" covered="2"/><counter type="COMPLEXITY" missed="0" covered="1"/><counter type="METHOD" missed="0" covered="1"/></method><method name="getIp" desc="()Ljava/lang/String;" line="137"><counter type="INSTRUCTION" missed="0" covered="3"/><counter type="LINE" missed="0" covered="1"/><counter type="COMPLEXITY" missed="0" covered="1"/><counter type="METHOD" missed="0" covered="1"/></method><method name="setIp" desc="(Ljava/lang/String;)V" line="141"><counter type="INSTRUCTION" missed="0" covered="4"/><counter type="LINE" missed="0" covered="2"/><counter type="COMPLEXITY" missed="0" covered="1"/><counter type="METHOD" missed="0" covered="1"/></method><method name="getPort" desc="()Ljava/lang/Integer;" line="146"><counter type="INSTRUCTION" missed="0" covered="3"/><counter type="LINE" missed="0" covered="1"/><counter type="COMPLEXITY" missed="0" covered="1"/><counter type="METHOD" missed="0" covered="1"/></method><method name="setPort" desc="(Ljava/lang/Integer;)V" line="150"><counter type="INSTRUCTION" missed="0" covered="4"/><counter type="LINE" missed="0" covered="2"/><counter type="COMPLEXITY" missed="0" covered="1"/><counter type="METHOD" missed="0" covered="1"/></method><method name="getGmtCreate" desc="()Ljava/util/Date;" line="155"><counter type="INSTRUCTION" missed="0" covered="3"/><counter type="LINE" missed="0" covered="1"/><counter type="COMPLEXITY" missed="0" covered="1"/><counter type="METHOD" missed="0" covered="1"/></method><method name="setGmtCreate" desc="(Ljava/util/Date;)V" line="159"><counter type="INSTRUCTION" missed="0" covered="4"/><counter type="LINE" missed="0" covered="2"/><counter type="COMPLEXITY" missed="0" covered="1"/><counter type="METHOD" missed="0" covered="1"/></method><method name="getGmtModified" desc="()Ljava/util/Date;" line="163"><counter type="INSTRUCTION" missed="0" covered="3"/><counter type="LINE" missed="0" covered="1"/><counter type="COMPLEXITY" missed="0" covered="1"/><counter type="METHOD" missed="0" covered="1"/></method><method name="setGmtModified" desc="(Ljava/util/Date;)V" line="167"><counter type="INSTRUCTION" missed="0" covered="4"/><counter type="LINE" missed="0" covered="2"/><counter type="COMPLEXITY" missed="0" covered="1"/><counter type="METHOD" missed="0" covered="1"/></method><method name="toRule" desc="()Lcom/alibaba/csp/sentinel/slots/block/Rule;" line="172"><counter type="INSTRUCTION" missed="2" covered="0"/><counter type="LINE" missed="1" covered="0"/><counter type="COMPLEXITY" missed="1" covered="0"/><counter type="METHOD" missed="1" covered="0"/></method><method name="equals" desc="(Ljava/lang/Object;)Z" line="177"><counter type="INSTRUCTION" missed="3" covered="66"/><counter type="BRANCH" missed="10" covered="12"/><counter type="LINE" missed="0" covered="11"/><counter type="COMPLEXITY" missed="10" covered="2"/><counter type="METHOD" missed="0" covered="1"/></method><method name="hashCode" desc="()I" line="192"><counter type="INSTRUCTION" missed="44" covered="0"/><counter type="LINE" missed="1" covered="0"/><counter type="COMPLEXITY" missed="1" covered="0"/><counter type="METHOD" missed="1" covered="0"/></method><method name="toString" desc="()Ljava/lang/String;" line="197"><counter type="INSTRUCTION" missed="53" covered="0"/><counter type="LINE" missed="1" covered="0"/><counter type="COMPLEXITY" missed="1" covered="0"/><counter type="METHOD" missed="1" covered="0"/></method><counter type="INSTRUCTION" missed="226" covered="125"/><counter type="BRANCH" missed="18" covered="12"/><counter type="LINE" missed="36" covered="37"/><counter type="COMPLEXITY" missed="20" covered="19"/><counter type="METHOD" missed="6" covered="18"/><counter type="CLASS" missed="0" covered="1"/></class><class name="com/alibaba/csp/sentinel/dashboard/datasource/entity/gateway/GatewayParamFlowItemEntity" sourcefilename="GatewayParamFlowItemEntity.java"><method name="&lt;init&gt;" desc="()V" line="28"><counter type="INSTRUCTION" missed="0" covered="3"/><counter type="LINE" missed="0" covered="1"/><counter type="COMPLEXITY" missed="0" covered="1"/><counter type="METHOD" missed="0" covered="1"/></method><method name="getParseStrategy" desc="()Ljava/lang/Integer;" line="39"><counter type="INSTRUCTION" missed="0" covered="3"/><counter type="LINE" missed="0" covered="1"/><counter type="COMPLEXITY" missed="0" covered="1"/><counter type="METHOD" missed="0" covered="1"/></method><method name="setParseStrategy" desc="(Ljava/lang/Integer;)V" line="43"><counter type="INSTRUCTION" missed="0" covered="4"/><counter type="LINE" missed="0" covered="2"/><counter type="COMPLEXITY" missed="0" covered="1"/><counter type="METHOD" missed="0" covered="1"/></method><method name="getFieldName" desc="()Ljava/lang/String;" line="47"><counter type="INSTRUCTION" missed="0" covered="3"/><counter type="LINE" missed="0" covered="1"/><counter type="COMPLEXITY" missed="0" covered="1"/><counter type="METHOD" missed="0" covered="1"/></method><method name="setFieldName" desc="(Ljava/lang/String;)V" line="51"><counter type="INSTRUCTION" missed="0" covered="4"/><counter type="LINE" missed="0" covered="2"/><counter type="COMPLEXITY" missed="0" covered="1"/><counter type="METHOD" missed="0" covered="1"/></method><method name="getPattern" desc="()Ljava/lang/String;" line="55"><counter type="INSTRUCTION" missed="0" covered="3"/><counter type="LINE" missed="0" covered="1"/><counter type="COMPLEXITY" missed="0" covered="1"/><counter type="METHOD" missed="0" covered="1"/></method><method name="setPattern" desc="(Ljava/lang/String;)V" line="59"><counter type="INSTRUCTION" missed="0" covered="4"/><counter type="LINE" missed="0" covered="2"/><counter type="COMPLEXITY" missed="0" covered="1"/><counter type="METHOD" missed="0" covered="1"/></method><method name="getMatchStrategy" desc="()Ljava/lang/Integer;" line="63"><counter type="INSTRUCTION" missed="0" covered="3"/><counter type="LINE" missed="0" covered="1"/><counter type="COMPLEXITY" missed="0" covered="1"/><counter type="METHOD" missed="0" covered="1"/></method><method name="setMatchStrategy" desc="(Ljava/lang/Integer;)V" line="67"><counter type="INSTRUCTION" missed="0" covered="4"/><counter type="LINE" missed="0" covered="2"/><counter type="COMPLEXITY" missed="0" covered="1"/><counter type="METHOD" missed="0" covered="1"/></method><method name="equals" desc="(Ljava/lang/Object;)Z" line="72"><counter type="INSTRUCTION" missed="5" covered="40"/><counter type="BRANCH" missed="7" covered="7"/><counter type="LINE" missed="0" covered="7"/><counter type="COMPLEXITY" missed="7" covered="1"/><counter type="METHOD" missed="0" covered="1"/></method><method name="hashCode" desc="()I" line="83"><counter type="INSTRUCTION" missed="24" covered="0"/><counter type="LINE" missed="1" covered="0"/><counter type="COMPLEXITY" missed="1" covered="0"/><counter type="METHOD" missed="1" covered="0"/></method><method name="toString" desc="()Ljava/lang/String;" line="88"><counter type="INSTRUCTION" missed="31" covered="0"/><counter type="LINE" missed="1" covered="0"/><counter type="COMPLEXITY" missed="1" covered="0"/><counter type="METHOD" missed="1" covered="0"/></method><counter type="INSTRUCTION" missed="60" covered="71"/><counter type="BRANCH" missed="7" covered="7"/><counter type="LINE" missed="2" covered="20"/><counter type="COMPLEXITY" missed="9" covered="10"/><counter type="METHOD" missed="2" covered="10"/><counter type="CLASS" missed="0" covered="1"/></class><sourcefile name="GatewayParamFlowItemEntity.java"><line nr="28" mi="0" ci="3" mb="0" cb="0"/><line nr="39" mi="0" ci="3" mb="0" cb="0"/><line nr="43" mi="0" ci="3" mb="0" cb="0"/><line nr="44" mi="0" ci="1" mb="0" cb="0"/><line nr="47" mi="0" ci="3" mb="0" cb="0"/><line nr="51" mi="0" ci="3" mb="0" cb="0"/><line nr="52" mi="0" ci="1" mb="0" cb="0"/><line nr="55" mi="0" ci="3" mb="0" cb="0"/><line nr="59" mi="0" ci="3" mb="0" cb="0"/><line nr="60" mi="0" ci="1" mb="0" cb="0"/><line nr="63" mi="0" ci="3" mb="0" cb="0"/><line nr="67" mi="0" ci="3" mb="0" cb="0"/><line nr="68" mi="0" ci="1" mb="0" cb="0"/><line nr="72" mi="2" ci="3" mb="1" cb="1"/><line nr="73" mi="2" ci="7" mb="2" cb="2"/><line nr="74" mi="0" ci="3" mb="0" cb="0"/><line nr="75" mi="0" ci="11" mb="1" cb="1"/><line nr="76" mi="0" ci="6" mb="1" cb="1"/><line nr="77" mi="0" ci="6" mb="1" cb="1"/><line nr="78" mi="1" ci="4" mb="1" cb="1"/><line nr="83" mi="24" ci="0" mb="0" cb="0"/><line nr="88" mi="31" ci="0" mb="0" cb="0"/><counter type="INSTRUCTION" missed="60" covered="71"/><counter type="BRANCH" missed="7" covered="7"/><counter type="LINE" missed="2" covered="20"/><counter type="COMPLEXITY" missed="9" covered="10"/><counter type="METHOD" missed="2" covered="10"/><counter type="CLASS" missed="0" covered="1"/></sourcefile><sourcefile name="ApiDefinitionEntity.java"><line nr="49" mi="4" ci="0" mb="0" cb="0"/><line nr="50" mi="3" ci="0" mb="0" cb="0"/><line nr="51" mi="3" ci="0" mb="0" cb="0"/><line nr="52" mi="3" ci="0" mb="0" cb="0"/><line nr="53" mi="4" ci="0" mb="0" cb="0"/><line nr="55" mi="4" ci="0" mb="0" cb="0"/><line nr="56" mi="3" ci="0" mb="0" cb="0"/><line nr="58" mi="3" ci="0" mb="0" cb="0"/><line nr="59" mi="2" ci="0" mb="2" cb="0"/><line nr="60" mi="10" ci="0" mb="2" cb="0"/><line nr="61" mi="4" ci="0" mb="0" cb="0"/><line nr="62" mi="4" ci="0" mb="0" cb="0"/><line nr="63" mi="3" ci="0" mb="0" cb="0"/><line nr="64" mi="4" ci="0" mb="0" cb="0"/><line nr="65" mi="5" ci="0" mb="0" cb="0"/><line nr="66" mi="1" ci="0" mb="0" cb="0"/><line nr="69" mi="2" ci="0" mb="0" cb="0"/><line nr="73" mi="4" ci="0" mb="0" cb="0"/><line nr="74" mi="5" ci="0" mb="0" cb="0"/><line nr="76" mi="4" ci="0" mb="0" cb="0"/><line nr="77" mi="4" ci="0" mb="0" cb="0"/><line nr="79" mi="3" ci="0" mb="2" cb="0"/><line nr="80" mi="11" ci="0" mb="2" cb="0"/><line nr="81" mi="4" ci="0" mb="0" cb="0"/><line nr="82" mi="4" ci="0" mb="0" cb="0"/><line nr="83" mi="6" ci="0" mb="0" cb="0"/><line nr="84" mi="5" ci="0" mb="0" cb="0"/><line nr="85" mi="1" ci="0" mb="0" cb="0"/><line nr="88" mi="2" ci="0" mb="0" cb="0"/><line nr="91" mi="0" ci="2" mb="0" cb="0"/><line nr="93" mi="0" ci="1" mb="0" cb="0"/><line nr="95" mi="2" ci="0" mb="0" cb="0"/><line nr="96" mi="3" ci="0" mb="0" cb="0"/><line nr="97" mi="3" ci="0" mb="0" cb="0"/><line nr="98" mi="1" ci="0" mb="0" cb="0"/><line nr="101" mi="0" ci="3" mb="0" cb="0"/><line nr="105" mi="0" ci="3" mb="0" cb="0"/><line nr="106" mi="0" ci="1" mb="0" cb="0"/><line nr="109" mi="0" ci="3" mb="0" cb="0"/><line nr="113" mi="0" ci="3" mb="0" cb="0"/><line nr="114" mi="0" ci="1" mb="0" cb="0"/><line nr="118" mi="0" ci="3" mb="0" cb="0"/><line nr="123" mi="0" ci="3" mb="0" cb="0"/><line nr="124" mi="0" ci="1" mb="0" cb="0"/><line nr="128" mi="0" ci="3" mb="0" cb="0"/><line nr="132" mi="0" ci="3" mb="0" cb="0"/><line nr="133" mi="0" ci="1" mb="0" cb="0"/><line nr="137" mi="0" ci="3" mb="0" cb="0"/><line nr="141" mi="0" ci="3" mb="0" cb="0"/><line nr="142" mi="0" ci="1" mb="0" cb="0"/><line nr="146" mi="0" ci="3" mb="0" cb="0"/><line nr="150" mi="0" ci="3" mb="0" cb="0"/><line nr="151" mi="0" ci="1" mb="0" cb="0"/><line nr="155" mi="0" ci="3" mb="0" cb="0"/><line nr="159" mi="0" ci="3" mb="0" cb="0"/><line nr="160" mi="0" ci="1" mb="0" cb="0"/><line nr="163" mi="0" ci="3" mb="0" cb="0"/><line nr="167" mi="0" ci="3" mb="0" cb="0"/><line nr="168" mi="0" ci="1" mb="0" cb="0"/><line nr="172" mi="2" ci="0" mb="0" cb="0"/><line nr="177" mi="0" ci="5" mb="0" cb="2"/><line nr="178" mi="2" ci="7" mb="2" cb="2"/><line nr="179" mi="0" ci="3" mb="0" cb="0"/><line nr="180" mi="0" ci="11" mb="1" cb="1"/><line nr="181" mi="0" ci="6" mb="1" cb="1"/><line nr="182" mi="0" ci="6" mb="1" cb="1"/><line nr="183" mi="0" ci="6" mb="1" cb="1"/><line nr="184" mi="0" ci="6" mb="1" cb="1"/><line nr="185" mi="0" ci="6" mb="1" cb="1"/><line nr="186" mi="0" ci="6" mb="1" cb="1"/><line nr="187" mi="1" ci="4" mb="1" cb="1"/><line nr="192" mi="44" ci="0" mb="0" cb="0"/><line nr="197" mi="53" ci="0" mb="0" cb="0"/><counter type="INSTRUCTION" missed="226" covered="125"/><counter type="BRANCH" missed="18" covered="12"/><counter type="LINE" missed="36" covered="37"/><counter type="COMPLEXITY" missed="20" covered="19"/><counter type="METHOD" missed="6" covered="18"/><counter type="CLASS" missed="0" covered="1"/></sourcefile><sourcefile name="GatewayFlowRuleEntity.java"><line nr="32" mi="0" ci="3" mb="0" cb="0"/><line nr="68" mi="3" ci="0" mb="5" cb="0"/><line nr="70" mi="2" ci="0" mb="0" cb="0"/><line nr="72" mi="6" ci="0" mb="0" cb="0"/><line nr="74" mi="8" ci="0" mb="0" cb="0"/><line nr="76" mi="10" ci="0" mb="0" cb="0"/><line nr="81" mi="12" ci="0" mb="0" cb="0"/><line nr="85" mi="7" ci="0" mb="2" cb="0"/><line nr="86" mi="16" ci="0" mb="0" cb="0"/><line nr="89" mi="7" ci="0" mb="2" cb="0"/><line nr="90" mi="16" ci="0" mb="0" cb="0"/><line nr="93" mi="7" ci="0" mb="2" cb="0"/><line nr="94" mi="16" ci="0" mb="0" cb="0"/><line nr="97" mi="12" ci="0" mb="0" cb="0"/><line nr="101" mi="4" ci="0" mb="0" cb="0"/><line nr="102" mi="5" ci="0" mb="0" cb="0"/><line nr="103" mi="6" ci="0" mb="0" cb="0"/><line nr="105" mi="6" ci="0" mb="0" cb="0"/><line nr="106" mi="6" ci="0" mb="0" cb="0"/><line nr="107" mi="9" ci="0" mb="0" cb="0"/><line nr="109" mi="6" ci="0" mb="0" cb="0"/><line nr="111" mi="3" ci="0" mb="2" cb="0"/><line nr="112" mi="6" ci="0" mb="0" cb="0"/><line nr="115" mi="3" ci="0" mb="2" cb="0"/><line nr="116" mi="6" ci="0" mb="0" cb="0"/><line nr="119" mi="3" ci="0" mb="2" cb="0"/><line nr="120" mi="4" ci="0" mb="0" cb="0"/><line nr="121" mi="4" ci="0" mb="0" cb="0"/><line nr="122" mi="7" ci="0" mb="0" cb="0"/><line nr="123" mi="6" ci="0" mb="0" cb="0"/><line nr="124" mi="6" ci="0" mb="0" cb="0"/><line nr="126" mi="4" ci="0" mb="2" cb="0"/><line nr="127" mi="7" ci="0" mb="0" cb="0"/><line nr="131" mi="2" ci="0" mb="0" cb="0"/><line nr="135" mi="4" ci="0" mb="0" cb="0"/><line nr="136" mi="3" ci="0" mb="0" cb="0"/><line nr="137" mi="3" ci="0" mb="0" cb="0"/><line nr="138" mi="3" ci="0" mb="0" cb="0"/><line nr="140" mi="4" ci="0" mb="0" cb="0"/><line nr="141" mi="5" ci="0" mb="0" cb="0"/><line nr="143" mi="5" ci="0" mb="0" cb="0"/><line nr="144" mi="5" ci="0" mb="0" cb="0"/><line nr="145" mi="5" ci="0" mb="0" cb="0"/><line nr="146" mi="6" ci="0" mb="0" cb="0"/><line nr="147" mi="6" ci="0" mb="0" cb="0"/><line nr="149" mi="5" ci="0" mb="0" cb="0"/><line nr="150" mi="5" ci="0" mb="0" cb="0"/><line nr="151" mi="5" ci="0" mb="0" cb="0"/><line nr="153" mi="3" ci="0" mb="0" cb="0"/><line nr="154" mi="2" ci="0" mb="2" cb="0"/><line nr="155" mi="4" ci="0" mb="0" cb="0"/><line nr="156" mi="3" ci="0" mb="0" cb="0"/><line nr="157" mi="5" ci="0" mb="0" cb="0"/><line nr="158" mi="4" ci="0" mb="0" cb="0"/><line nr="159" mi="4" ci="0" mb="0" cb="0"/><line nr="160" mi="5" ci="0" mb="0" cb="0"/><line nr="163" mi="2" ci="0" mb="0" cb="0"/><line nr="168" mi="0" ci="3" mb="0" cb="0"/><line nr="173" mi="0" ci="3" mb="0" cb="0"/><line nr="174" mi="0" ci="1" mb="0" cb="0"/><line nr="178" mi="0" ci="3" mb="0" cb="0"/><line nr="182" mi="0" ci="3" mb="0" cb="0"/><line nr="183" mi="0" ci="1" mb="0" cb="0"/><line nr="187" mi="0" ci="3" mb="0" cb="0"/><line nr="191" mi="0" ci="3" mb="0" cb="0"/><line nr="192" mi="0" ci="1" mb="0" cb="0"/><line nr="196" mi="0" ci="3" mb="0" cb="0"/><line nr="200" mi="0" ci="3" mb="0" cb="0"/><line nr="201" mi="0" ci="1" mb="0" cb="0"/><line nr="205" mi="0" ci="3" mb="0" cb="0"/><line nr="209" mi="0" ci="3" mb="0" cb="0"/><line nr="210" mi="0" ci="1" mb="0" cb="0"/><line nr="214" mi="2" ci="0" mb="0" cb="0"/><line nr="218" mi="0" ci="3" mb="0" cb="0"/><line nr="222" mi="0" ci="3" mb="0" cb="0"/><line nr="223" mi="0" ci="1" mb="0" cb="0"/><line nr="226" mi="0" ci="3" mb="0" cb="0"/><line nr="230" mi="0" ci="3" mb="0" cb="0"/><line nr="231" mi="0" ci="1" mb="0" cb="0"/><line nr="234" mi="0" ci="3" mb="0" cb="0"/><line nr="238" mi="0" ci="3" mb="0" cb="0"/><line nr="239" mi="0" ci="1" mb="0" cb="0"/><line nr="242" mi="0" ci="3" mb="0" cb="0"/><line nr="246" mi="0" ci="3" mb="0" cb="0"/><line nr="247" mi="0" ci="1" mb="0" cb="0"/><line nr="250" mi="0" ci="3" mb="0" cb="0"/><line nr="254" mi="0" ci="3" mb="0" cb="0"/><line nr="255" mi="0" ci="1" mb="0" cb="0"/><line nr="258" mi="0" ci="3" mb="0" cb="0"/><line nr="262" mi="0" ci="3" mb="0" cb="0"/><line nr="263" mi="0" ci="1" mb="0" cb="0"/><line nr="266" mi="0" ci="3" mb="0" cb="0"/><line nr="270" mi="0" ci="3" mb="0" cb="0"/><line nr="271" mi="0" ci="1" mb="0" cb="0"/><line nr="274" mi="0" ci="3" mb="0" cb="0"/><line nr="278" mi="0" ci="3" mb="0" cb="0"/><line nr="279" mi="0" ci="1" mb="0" cb="0"/><line nr="282" mi="0" ci="3" mb="0" cb="0"/><line nr="286" mi="0" ci="3" mb="0" cb="0"/><line nr="287" mi="0" ci="1" mb="0" cb="0"/><line nr="290" mi="0" ci="3" mb="0" cb="0"/><line nr="294" mi="0" ci="3" mb="0" cb="0"/><line nr="295" mi="0" ci="1" mb="0" cb="0"/><line nr="298" mi="0" ci="3" mb="0" cb="0"/><line nr="302" mi="0" ci="3" mb="0" cb="0"/><line nr="303" mi="0" ci="1" mb="0" cb="0"/><line nr="307" mi="0" ci="5" mb="0" cb="2"/><line nr="308" mi="2" ci="7" mb="2" cb="2"/><line nr="309" mi="0" ci="3" mb="0" cb="0"/><line nr="310" mi="0" ci="11" mb="1" cb="1"/><line nr="311" mi="0" ci="6" mb="1" cb="1"/><line nr="312" mi="0" ci="6" mb="1" cb="1"/><line nr="313" mi="0" ci="6" mb="1" cb="1"/><line nr="314" mi="0" ci="6" mb="1" cb="1"/><line nr="315" mi="0" ci="6" mb="1" cb="1"/><line nr="316" mi="0" ci="6" mb="1" cb="1"/><line nr="317" mi="0" ci="6" mb="1" cb="1"/><line nr="318" mi="0" ci="6" mb="1" cb="1"/><line nr="319" mi="0" ci="6" mb="1" cb="1"/><line nr="320" mi="0" ci="6" mb="1" cb="1"/><line nr="321" mi="0" ci="6" mb="1" cb="1"/><line nr="322" mi="0" ci="6" mb="1" cb="1"/><line nr="323" mi="0" ci="6" mb="1" cb="1"/><line nr="324" mi="0" ci="6" mb="1" cb="1"/><line nr="325" mi="1" ci="4" mb="1" cb="1"/><line nr="330" mi="84" ci="0" mb="0" cb="0"/><line nr="335" mi="93" ci="0" mb="0" cb="0"/><counter type="INSTRUCTION" missed="503" covered="229"/><counter type="BRANCH" missed="39" covered="20"/><counter type="LINE" missed="59" covered="68"/><counter type="COMPLEXITY" missed="37" covered="35"/><counter type="METHOD" missed="7" covered="34"/><counter type="CLASS" missed="0" covered="1"/></sourcefile><sourcefile name="ApiPredicateItemEntity.java"><line nr="34" mi="0" ci="2" mb="0" cb="0"/><line nr="35" mi="0" ci="1" mb="0" cb="0"/><line nr="37" mi="2" ci="0" mb="0" cb="0"/><line nr="38" mi="3" ci="0" mb="0" cb="0"/><line nr="39" mi="4" ci="0" mb="0" cb="0"/><line nr="40" mi="1" ci="0" mb="0" cb="0"/><line nr="43" mi="0" ci="3" mb="0" cb="0"/><line nr="47" mi="0" ci="3" mb="0" cb="0"/><line nr="48" mi="0" ci="1" mb="0" cb="0"/><line nr="51" mi="0" ci="3" mb="0" cb="0"/><line nr="55" mi="0" ci="3" mb="0" cb="0"/><line nr="56" mi="0" ci="1" mb="0" cb="0"/><line nr="60" mi="2" ci="3" mb="1" cb="1"/><line nr="61" mi="2" ci="7" mb="2" cb="2"/><line nr="62" mi="0" ci="3" mb="0" cb="0"/><line nr="63" mi="0" ci="11" mb="1" cb="1"/><line nr="64" mi="1" ci="4" mb="1" cb="1"/><line nr="69" mi="0" ci="14" mb="0" cb="0"/><line nr="74" mi="19" ci="0" mb="0" cb="0"/><counter type="INSTRUCTION" missed="34" covered="59"/><counter type="BRANCH" missed="5" covered="5"/><counter type="LINE" missed="5" covered="14"/><counter type="COMPLEXITY" missed="7" covered="7"/><counter type="METHOD" missed="2" covered="7"/><counter type="CLASS" missed="0" covered="1"/></sourcefile><counter type="INSTRUCTION" missed="823" covered="484"/><counter type="BRANCH" missed="69" covered="44"/><counter type="LINE" missed="102" covered="139"/><counter type="COMPLEXITY" missed="73" covered="71"/><counter type="METHOD" missed="17" covered="69"/><counter type="CLASS" missed="0" covered="4"/></package><package name="com/alibaba/csp/sentinel/dashboard/domain/cluster/config"><class name="com/alibaba/csp/sentinel/dashboard/domain/cluster/config/ServerFlowConfig" sourcefilename="ServerFlowConfig.java"><method name="&lt;init&gt;" desc="()V" line="41"><counter type="INSTRUCTION" missed="4" covered="0"/><counter type="LINE" missed="2" covered="0"/><counter type="COMPLEXITY" missed="1" covered="0"/><counter type="METHOD" missed="1" covered="0"/></method><method name="&lt;init&gt;" desc="(Ljava/lang/String;)V" line="33"><counter type="INSTRUCTION" missed="26" covered="0"/><counter type="LINE" missed="8" covered="0"/><counter type="COMPLEXITY" missed="1" covered="0"/><counter type="METHOD" missed="1" covered="0"/></method><method name="getNamespace" desc="()Ljava/lang/String;" line="49"><counter type="INSTRUCTION" missed="3" covered="0"/><counter type="LINE" missed="1" covered="0"/><counter type="COMPLEXITY" missed="1" covered="0"/><counter type="METHOD" missed="1" covered="0"/></method><method name="getExceedCount" desc="()Ljava/lang/Double;" line="53"><counter type="INSTRUCTION" missed="3" covered="0"/><counter type="LINE" missed="1" covered="0"/><counter type="COMPLEXITY" missed="1" covered="0"/><counter type="METHOD" missed="1" covered="0"/></method><method name="setExceedCount" desc="(Ljava/lang/Double;)Lcom/alibaba/csp/sentinel/dashboard/domain/cluster/config/ServerFlowConfig;" line="57"><counter type="INSTRUCTION" missed="5" covered="0"/><counter type="LINE" missed="2" covered="0"/><counter type="COMPLEXITY" missed="1" covered="0"/><counter type="METHOD" missed="1" covered="0"/></method><method name="getMaxOccupyRatio" desc="()Ljava/lang/Double;" line="62"><counter type="INSTRUCTION" missed="3" covered="0"/><counter type="LINE" missed="1" covered="0"/><counter type="COMPLEXITY" missed="1" covered="0"/><counter type="METHOD" missed="1" covered="0"/></method><method name="setMaxOccupyRatio" desc="(Ljava/lang/Double;)Lcom/alibaba/csp/sentinel/dashboard/domain/cluster/config/ServerFlowConfig;" line="66"><counter type="INSTRUCTION" missed="5" covered="0"/><counter type="LINE" missed="2" covered="0"/><counter type="COMPLEXITY" missed="1" covered="0"/><counter type="METHOD" missed="1" covered="0"/></method><method name="getIntervalMs" desc="()Ljava/lang/Integer;" line="71"><counter type="INSTRUCTION" missed="3" covered="0"/><counter type="LINE" missed="1" covered="0"/><counter type="COMPLEXITY" missed="1" covered="0"/><counter type="METHOD" missed="1" covered="0"/></method><method name="setIntervalMs" desc="(Ljava/lang/Integer;)Lcom/alibaba/csp/sentinel/dashboard/domain/cluster/config/ServerFlowConfig;" line="75"><counter type="INSTRUCTION" missed="5" covered="0"/><counter type="LINE" missed="2" covered="0"/><counter type="COMPLEXITY" missed="1" covered="0"/><counter type="METHOD" missed="1" covered="0"/></method><method name="getSampleCount" desc="()Ljava/lang/Integer;" line="80"><counter type="INSTRUCTION" missed="3" covered="0"/><counter type="LINE" missed="1" covered="0"/><counter type="COMPLEXITY" missed="1" covered="0"/><counter type="METHOD" missed="1" covered="0"/></method><method name="setSampleCount" desc="(Ljava/lang/Integer;)Lcom/alibaba/csp/sentinel/dashboard/domain/cluster/config/ServerFlowConfig;" line="84"><counter type="INSTRUCTION" missed="5" covered="0"/><counter type="LINE" missed="2" covered="0"/><counter type="COMPLEXITY" missed="1" covered="0"/><counter type="METHOD" missed="1" covered="0"/></method><method name="getMaxAllowedQps" desc="()Ljava/lang/Double;" line="89"><counter type="INSTRUCTION" missed="3" covered="0"/><counter type="LINE" missed="1" covered="0"/><counter type="COMPLEXITY" missed="1" covered="0"/><counter type="METHOD" missed="1" covered="0"/></method><method name="setMaxAllowedQps" desc="(Ljava/lang/Double;)Lcom/alibaba/csp/sentinel/dashboard/domain/cluster/config/ServerFlowConfig;" line="93"><counter type="INSTRUCTION" missed="5" covered="0"/><counter type="LINE" missed="2" covered="0"/><counter type="COMPLEXITY" missed="1" covered="0"/><counter type="METHOD" missed="1" covered="0"/></method><method name="toString" desc="()Ljava/lang/String;" line="99"><counter type="INSTRUCTION" missed="39" covered="0"/><counter type="LINE" missed="1" covered="0"/><counter type="COMPLEXITY" missed="1" covered="0"/><counter type="METHOD" missed="1" covered="0"/></method><counter type="INSTRUCTION" missed="112" covered="0"/><counter type="LINE" missed="27" covered="0"/><counter type="COMPLEXITY" missed="14" covered="0"/><counter type="METHOD" missed="14" covered="0"/><counter type="CLASS" missed="1" covered="0"/></class><class name="com/alibaba/csp/sentinel/dashboard/domain/cluster/config/ClusterClientConfig" sourcefilename="ClusterClientConfig.java"><method name="&lt;init&gt;" desc="()V" line="22"><counter type="INSTRUCTION" missed="3" covered="0"/><counter type="LINE" missed="1" covered="0"/><counter type="COMPLEXITY" missed="1" covered="0"/><counter type="METHOD" missed="1" covered="0"/></method><method name="getServerHost" desc="()Ljava/lang/String;" line="31"><counter type="INSTRUCTION" missed="3" covered="0"/><counter type="LINE" missed="1" covered="0"/><counter type="COMPLEXITY" missed="1" covered="0"/><counter type="METHOD" missed="1" covered="0"/></method><method name="setServerHost" desc="(Ljava/lang/String;)Lcom/alibaba/csp/sentinel/dashboard/domain/cluster/config/ClusterClientConfig;" line="35"><counter type="INSTRUCTION" missed="5" covered="0"/><counter type="LINE" missed="2" covered="0"/><counter type="COMPLEXITY" missed="1" covered="0"/><counter type="METHOD" missed="1" covered="0"/></method><method name="getServerPort" desc="()Ljava/lang/Integer;" line="40"><counter type="INSTRUCTION" missed="3" covered="0"/><counter type="LINE" missed="1" covered="0"/><counter type="COMPLEXITY" missed="1" covered="0"/><counter type="METHOD" missed="1" covered="0"/></method><method name="setServerPort" desc="(Ljava/lang/Integer;)Lcom/alibaba/csp/sentinel/dashboard/domain/cluster/config/ClusterClientConfig;" line="44"><counter type="INSTRUCTION" missed="5" covered="0"/><counter type="LINE" missed="2" covered="0"/><counter type="COMPLEXITY" missed="1" covered="0"/><counter type="METHOD" missed="1" covered="0"/></method><method name="getRequestTimeout" desc="()Ljava/lang/Integer;" line="49"><counter type="INSTRUCTION" missed="3" covered="0"/><counter type="LINE" missed="1" covered="0"/><counter type="COMPLEXITY" missed="1" covered="0"/><counter type="METHOD" missed="1" covered="0"/></method><method name="setRequestTimeout" desc="(Ljava/lang/Integer;)Lcom/alibaba/csp/sentinel/dashboard/domain/cluster/config/ClusterClientConfig;" line="53"><counter type="INSTRUCTION" missed="5" covered="0"/><counter type="LINE" missed="2" covered="0"/><counter type="COMPLEXITY" missed="1" covered="0"/><counter type="METHOD" missed="1" covered="0"/></method><method name="getConnectTimeout" desc="()Ljava/lang/Integer;" line="58"><counter type="INSTRUCTION" missed="3" covered="0"/><counter type="LINE" missed="1" covered="0"/><counter type="COMPLEXITY" missed="1" covered="0"/><counter type="METHOD" missed="1" covered="0"/></method><method name="setConnectTimeout" desc="(Ljava/lang/Integer;)Lcom/alibaba/csp/sentinel/dashboard/domain/cluster/config/ClusterClientConfig;" line="62"><counter type="INSTRUCTION" missed="5" covered="0"/><counter type="LINE" missed="2" covered="0"/><counter type="COMPLEXITY" missed="1" covered="0"/><counter type="METHOD" missed="1" covered="0"/></method><method name="toString" desc="()Ljava/lang/String;" line="68"><counter type="INSTRUCTION" missed="29" covered="0"/><counter type="LINE" missed="1" covered="0"/><counter type="COMPLEXITY" missed="1" covered="0"/><counter type="METHOD" missed="1" covered="0"/></method><counter type="INSTRUCTION" missed="64" covered="0"/><counter type="LINE" missed="14" covered="0"/><counter type="COMPLEXITY" missed="10" covered="0"/><counter type="METHOD" missed="10" covered="0"/><counter type="CLASS" missed="1" covered="0"/></class><class name="com/alibaba/csp/sentinel/dashboard/domain/cluster/config/ServerTransportConfig" sourcefilename="ServerTransportConfig.java"><method name="&lt;init&gt;" desc="()V" line="31"><counter type="INSTRUCTION" missed="7" covered="0"/><counter type="LINE" missed="2" covered="0"/><counter type="COMPLEXITY" missed="1" covered="0"/><counter type="METHOD" missed="1" covered="0"/></method><method name="&lt;init&gt;" desc="(Ljava/lang/Integer;Ljava/lang/Integer;)V" line="34"><counter type="INSTRUCTION" missed="9" covered="0"/><counter type="LINE" missed="4" covered="0"/><counter type="COMPLEXITY" missed="1" covered="0"/><counter type="METHOD" missed="1" covered="0"/></method><method name="getPort" desc="()Ljava/lang/Integer;" line="40"><counter type="INSTRUCTION" missed="3" covered="0"/><counter type="LINE" missed="1" covered="0"/><counter type="COMPLEXITY" missed="1" covered="0"/><counter type="METHOD" missed="1" covered="0"/></method><method name="setPort" desc="(Ljava/lang/Integer;)Lcom/alibaba/csp/sentinel/dashboard/domain/cluster/config/ServerTransportConfig;" line="44"><counter type="INSTRUCTION" missed="5" covered="0"/><counter type="LINE" missed="2" covered="0"/><counter type="COMPLEXITY" missed="1" covered="0"/><counter type="METHOD" missed="1" covered="0"/></method><method name="getIdleSeconds" desc="()Ljava/lang/Integer;" line="49"><counter type="INSTRUCTION" missed="3" covered="0"/><counter type="LINE" missed="1" covered="0"/><counter type="COMPLEXITY" missed="1" covered="0"/><counter type="METHOD" missed="1" covered="0"/></method><method name="setIdleSeconds" desc="(Ljava/lang/Integer;)Lcom/alibaba/csp/sentinel/dashboard/domain/cluster/config/ServerTransportConfig;" line="53"><counter type="INSTRUCTION" missed="5" covered="0"/><counter type="LINE" missed="2" covered="0"/><counter type="COMPLEXITY" missed="1" covered="0"/><counter type="METHOD" missed="1" covered="0"/></method><method name="toString" desc="()Ljava/lang/String;" line="59"><counter type="INSTRUCTION" missed="17" covered="0"/><counter type="LINE" missed="1" covered="0"/><counter type="COMPLEXITY" missed="1" covered="0"/><counter type="METHOD" missed="1" covered="0"/></method><counter type="INSTRUCTION" missed="49" covered="0"/><counter type="LINE" missed="13" covered="0"/><counter type="COMPLEXITY" missed="7" covered="0"/><counter type="METHOD" missed="7" covered="0"/><counter type="CLASS" missed="1" covered="0"/></class><sourcefile name="ClusterClientConfig.java"><line nr="22" mi="3" ci="0" mb="0" cb="0"/><line nr="31" mi="3" ci="0" mb="0" cb="0"/><line nr="35" mi="3" ci="0" mb="0" cb="0"/><line nr="36" mi="2" ci="0" mb="0" cb="0"/><line nr="40" mi="3" ci="0" mb="0" cb="0"/><line nr="44" mi="3" ci="0" mb="0" cb="0"/><line nr="45" mi="2" ci="0" mb="0" cb="0"/><line nr="49" mi="3" ci="0" mb="0" cb="0"/><line nr="53" mi="3" ci="0" mb="0" cb="0"/><line nr="54" mi="2" ci="0" mb="0" cb="0"/><line nr="58" mi="3" ci="0" mb="0" cb="0"/><line nr="62" mi="3" ci="0" mb="0" cb="0"/><line nr="63" mi="2" ci="0" mb="0" cb="0"/><line nr="68" mi="29" ci="0" mb="0" cb="0"/><counter type="INSTRUCTION" missed="64" covered="0"/><counter type="LINE" missed="14" covered="0"/><counter type="COMPLEXITY" missed="10" covered="0"/><counter type="METHOD" missed="10" covered="0"/><counter type="CLASS" missed="1" covered="0"/></sourcefile><sourcefile name="ServerTransportConfig.java"><line nr="31" mi="6" ci="0" mb="0" cb="0"/><line nr="32" mi="1" ci="0" mb="0" cb="0"/><line nr="34" mi="2" ci="0" mb="0" cb="0"/><line nr="35" mi="3" ci="0" mb="0" cb="0"/><line nr="36" mi="3" ci="0" mb="0" cb="0"/><line nr="37" mi="1" ci="0" mb="0" cb="0"/><line nr="40" mi="3" ci="0" mb="0" cb="0"/><line nr="44" mi="3" ci="0" mb="0" cb="0"/><line nr="45" mi="2" ci="0" mb="0" cb="0"/><line nr="49" mi="3" ci="0" mb="0" cb="0"/><line nr="53" mi="3" ci="0" mb="0" cb="0"/><line nr="54" mi="2" ci="0" mb="0" cb="0"/><line nr="59" mi="17" ci="0" mb="0" cb="0"/><counter type="INSTRUCTION" missed="49" covered="0"/><counter type="LINE" missed="13" covered="0"/><counter type="COMPLEXITY" missed="7" covered="0"/><counter type="METHOD" missed="7" covered="0"/><counter type="CLASS" missed="1" covered="0"/></sourcefile><sourcefile name="ServerFlowConfig.java"><line nr="33" mi="4" ci="0" mb="0" cb="0"/><line nr="34" mi="4" ci="0" mb="0" cb="0"/><line nr="35" mi="4" ci="0" mb="0" cb="0"/><line nr="36" mi="4" ci="0" mb="0" cb="0"/><line nr="38" mi="4" ci="0" mb="0" cb="0"/><line nr="41" mi="3" ci="0" mb="0" cb="0"/><line nr="42" mi="1" ci="0" mb="0" cb="0"/><line nr="44" mi="2" ci="0" mb="0" cb="0"/><line nr="45" mi="3" ci="0" mb="0" cb="0"/><line nr="46" mi="1" ci="0" mb="0" cb="0"/><line nr="49" mi="3" ci="0" mb="0" cb="0"/><line nr="53" mi="3" ci="0" mb="0" cb="0"/><line nr="57" mi="3" ci="0" mb="0" cb="0"/><line nr="58" mi="2" ci="0" mb="0" cb="0"/><line nr="62" mi="3" ci="0" mb="0" cb="0"/><line nr="66" mi="3" ci="0" mb="0" cb="0"/><line nr="67" mi="2" ci="0" mb="0" cb="0"/><line nr="71" mi="3" ci="0" mb="0" cb="0"/><line nr="75" mi="3" ci="0" mb="0" cb="0"/><line nr="76" mi="2" ci="0" mb="0" cb="0"/><line nr="80" mi="3" ci="0" mb="0" cb="0"/><line nr="84" mi="3" ci="0" mb="0" cb="0"/><line nr="85" mi="2" ci="0" mb="0" cb="0"/><line nr="89" mi="3" ci="0" mb="0" cb="0"/><line nr="93" mi="3" ci="0" mb="0" cb="0"/><line nr="94" mi="2" ci="0" mb="0" cb="0"/><line nr="99" mi="39" ci="0" mb="0" cb="0"/><counter type="INSTRUCTION" missed="112" covered="0"/><counter type="LINE" missed="27" covered="0"/><counter type="COMPLEXITY" missed="14" covered="0"/><counter type="METHOD" missed="14" covered="0"/><counter type="CLASS" missed="1" covered="0"/></sourcefile><counter type="INSTRUCTION" missed="225" covered="0"/><counter type="LINE" missed="54" covered="0"/><counter type="COMPLEXITY" missed="31" covered="0"/><counter type="METHOD" missed="31" covered="0"/><counter type="CLASS" missed="3" covered="0"/></package><package name="com/alibaba/csp/sentinel/dashboard/controller/gateway"><class name="com/alibaba/csp/sentinel/dashboard/controller/gateway/GatewayApiController" sourcefilename="GatewayApiController.java"><method name="&lt;init&gt;" desc="()V" line="48"><counter type="INSTRUCTION" missed="0" covered="7"/><counter type="LINE" missed="0" covered="2"/><counter type="COMPLEXITY" missed="0" covered="1"/><counter type="METHOD" missed="0" covered="1"/></method><method name="queryApis" desc="(Ljavax/servlet/http/HttpServletRequest;Ljava/lang/String;Ljava/lang/String;Ljava/lang/Integer;)Lcom/alibaba/csp/sentinel/dashboard/domain/Result;" line="63"><counter type="INSTRUCTION" missed="22" covered="36"/><counter type="BRANCH" missed="3" covered="3"/><counter type="LINE" missed="6" covered="8"/><counter type="COMPLEXITY" missed="3" covered="1"/><counter type="METHOD" missed="0" covered="1"/></method><method name="addApi" desc="(Ljavax/servlet/http/HttpServletRequest;Lcom/alibaba/csp/sentinel/dashboard/domain/vo/gateway/api/AddApiReqVo;)Lcom/alibaba/csp/sentinel/dashboard/domain/Result;" line="88"><counter type="INSTRUCTION" missed="60" covered="167"/><counter type="BRANCH" missed="9" covered="11"/><counter type="LINE" missed="12" covered="38"/><counter type="COMPLEXITY" missed="9" covered="2"/><counter type="METHOD" missed="0" covered="1"/></method><method name="updateApi" desc="(Ljavax/servlet/http/HttpServletRequest;Lcom/alibaba/csp/sentinel/dashboard/domain/vo/gateway/api/UpdateApiReqVo;)Lcom/alibaba/csp/sentinel/dashboard/domain/Result;" line="173"><counter type="INSTRUCTION" missed="52" covered="128"/><counter type="BRANCH" missed="7" covered="9"/><counter type="LINE" missed="10" covered="28"/><counter type="COMPLEXITY" missed="7" covered="2"/><counter type="METHOD" missed="0" covered="1"/></method><method name="deleteApi" desc="(Ljavax/servlet/http/HttpServletRequest;Ljava/lang/Long;)Lcom/alibaba/csp/sentinel/dashboard/domain/Result;" line="239"><counter type="INSTRUCTION" missed="21" covered="39"/><counter type="BRANCH" missed="3" covered="3"/><counter type="LINE" missed="6" covered="9"/><counter type="COMPLEXITY" missed="3" covered="1"/><counter type="METHOD" missed="0" covered="1"/></method><method name="publishApis" desc="(Ljava/lang/String;Ljava/lang/String;Ljava/lang/Integer;)Z" line="267"><counter type="INSTRUCTION" missed="0" covered="17"/><counter type="LINE" missed="0" covered="2"/><counter type="COMPLEXITY" missed="0" covered="1"/><counter type="METHOD" missed="0" covered="1"/></method><method name="lambda$addApi$1" desc="(Ljava/lang/String;Ljava/lang/String;)Z" line="149"><counter type="INSTRUCTION" missed="5" covered="0"/><counter type="LINE" missed="1" covered="0"/><counter type="COMPLEXITY" missed="1" covered="0"/><counter type="METHOD" missed="1" covered="0"/></method><method name="lambda$addApi$0" desc="(Lcom/alibaba/csp/sentinel/dashboard/datasource/entity/gateway/ApiDefinitionEntity;)Ljava/lang/String;" line="149"><counter type="INSTRUCTION" missed="3" covered="0"/><counter type="LINE" missed="1" covered="0"/><counter type="COMPLEXITY" missed="1" covered="0"/><counter type="METHOD" missed="1" covered="0"/></method><counter type="INSTRUCTION" missed="163" covered="394"/><counter type="BRANCH" missed="22" covered="26"/><counter type="LINE" missed="34" covered="87"/><counter type="COMPLEXITY" missed="24" covered="8"/><counter type="METHOD" missed="2" covered="6"/><counter type="CLASS" missed="0" covered="1"/></class><class name="com/alibaba/csp/sentinel/dashboard/controller/gateway/GatewayFlowRuleController" sourcefilename="GatewayFlowRuleController.java"><method name="&lt;init&gt;" desc="()V" line="52"><counter type="INSTRUCTION" missed="0" covered="7"/><counter type="LINE" missed="0" covered="2"/><counter type="COMPLEXITY" missed="0" covered="1"/><counter type="METHOD" missed="0" covered="1"/></method><method name="queryFlowRules" desc="(Ljavax/servlet/http/HttpServletRequest;Ljava/lang/String;Ljava/lang/String;Ljava/lang/Integer;)Lcom/alibaba/csp/sentinel/dashboard/domain/Result;" line="67"><counter type="INSTRUCTION" missed="22" covered="36"/><counter type="BRANCH" missed="3" covered="3"/><counter type="LINE" missed="6" covered="8"/><counter type="COMPLEXITY" missed="3" covered="1"/><counter type="METHOD" missed="0" covered="1"/></method><method name="addFlowRule" desc="(Ljavax/servlet/http/HttpServletRequest;Lcom/alibaba/csp/sentinel/dashboard/domain/vo/gateway/rule/AddFlowRuleReqVo;)Lcom/alibaba/csp/sentinel/dashboard/domain/Result;" line="92"><counter type="INSTRUCTION" missed="289" covered="231"/><counter type="BRANCH" missed="37" covered="21"/><counter type="LINE" missed="47" covered="54"/><counter type="COMPLEXITY" missed="29" covered="1"/><counter type="METHOD" missed="0" covered="1"/></method><method name="updateFlowRule" desc="(Ljavax/servlet/http/HttpServletRequest;Lcom/alibaba/csp/sentinel/dashboard/domain/vo/gateway/rule/UpdateFlowRuleReqVo;)Lcom/alibaba/csp/sentinel/dashboard/domain/Result;" line="262"><counter type="INSTRUCTION" missed="195" covered="269"/><counter type="BRANCH" missed="29" covered="23"/><counter type="LINE" missed="33" covered="55"/><counter type="COMPLEXITY" missed="26" covered="1"/><counter type="METHOD" missed="0" covered="1"/></method><method name="deleteFlowRule" desc="(Ljavax/servlet/http/HttpServletRequest;Ljava/lang/Long;)Lcom/alibaba/csp/sentinel/dashboard/domain/Result;" line="412"><counter type="INSTRUCTION" missed="21" covered="39"/><counter type="BRANCH" missed="3" covered="3"/><counter type="LINE" missed="6" covered="9"/><counter type="COMPLEXITY" missed="3" covered="1"/><counter type="METHOD" missed="0" covered="1"/></method><method name="publishRules" desc="(Ljava/lang/String;Ljava/lang/String;Ljava/lang/Integer;)Z" line="440"><counter type="INSTRUCTION" missed="0" covered="17"/><counter type="LINE" missed="0" covered="2"/><counter type="COMPLEXITY" missed="0" covered="1"/><counter type="METHOD" missed="0" covered="1"/></method><counter type="INSTRUCTION" missed="527" covered="599"/><counter type="BRANCH" missed="72" covered="50"/><counter type="LINE" missed="92" covered="130"/><counter type="COMPLEXITY" missed="61" covered="6"/><counter type="METHOD" missed="0" covered="6"/><counter type="CLASS" missed="0" covered="1"/></class><sourcefile name="GatewayFlowRuleController.java"><line nr="52" mi="0" ci="2" mb="0" cb="0"/><line nr="54" mi="0" ci="5" mb="0" cb="0"/><line nr="67" mi="0" ci="5" mb="0" cb="0"/><line nr="68" mi="0" ci="5" mb="0" cb="0"/><line nr="70" mi="0" ci="3" mb="1" cb="1"/><line nr="71" mi="4" ci="0" mb="0" cb="0"/><line nr="73" mi="0" ci="3" mb="1" cb="1"/><line nr="74" mi="4" ci="0" mb="0" cb="0"/><line nr="76" mi="0" ci="2" mb="1" cb="1"/><line nr="77" mi="4" ci="0" mb="0" cb="0"/><line nr="81" mi="0" ci="10" mb="0" cb="0"/><line nr="82" mi="0" ci="5" mb="0" cb="0"/><line nr="83" mi="0" ci="3" mb="0" cb="0"/><line nr="84" mi="1" ci="0" mb="0" cb="0"/><line nr="85" mi="5" ci="0" mb="0" cb="0"/><line nr="86" mi="4" ci="0" mb="0" cb="0"/><line nr="92" mi="0" ci="5" mb="0" cb="0"/><line nr="94" mi="0" ci="3" mb="0" cb="0"/><line nr="95" mi="0" ci="3" mb="1" cb="1"/><line nr="96" mi="4" ci="0" mb="0" cb="0"/><line nr="99" mi="0" ci="5" mb="0" cb="0"/><line nr="101" mi="0" ci="4" mb="0" cb="0"/><line nr="102" mi="0" ci="4" mb="0" cb="0"/><line nr="104" mi="0" ci="3" mb="0" cb="0"/><line nr="105" mi="0" ci="3" mb="1" cb="1"/><line nr="106" mi="4" ci="0" mb="0" cb="0"/><line nr="108" mi="0" ci="4" mb="0" cb="0"/><line nr="110" mi="0" ci="3" mb="0" cb="0"/><line nr="111" mi="0" ci="2" mb="1" cb="1"/><line nr="112" mi="4" ci="0" mb="0" cb="0"/><line nr="114" mi="0" ci="3" mb="0" cb="0"/><line nr="117" mi="0" ci="3" mb="0" cb="0"/><line nr="118" mi="0" ci="2" mb="1" cb="1"/><line nr="119" mi="4" ci="0" mb="0" cb="0"/><line nr="121" mi="0" ci="16" mb="1" cb="1"/><line nr="122" mi="11" ci="0" mb="0" cb="0"/><line nr="124" mi="0" ci="3" mb="0" cb="0"/><line nr="127" mi="0" ci="3" mb="0" cb="0"/><line nr="128" mi="0" ci="3" mb="1" cb="1"/><line nr="129" mi="4" ci="0" mb="0" cb="0"/><line nr="131" mi="0" ci="4" mb="0" cb="0"/><line nr="134" mi="0" ci="3" mb="0" cb="0"/><line nr="135" mi="0" ci="2" mb="1" cb="1"/><line nr="136" mi="4" ci="0" mb="0" cb="0"/><line nr="137" mi="3" ci="0" mb="0" cb="0"/><line nr="140" mi="3" ci="0" mb="0" cb="0"/><line nr="141" mi="22" ci="0" mb="0" cb="0"/><line nr="142" mi="9" ci="0" mb="2" cb="0"/><line nr="143" mi="11" ci="0" mb="0" cb="0"/><line nr="145" mi="4" ci="0" mb="0" cb="0"/><line nr="148" mi="21" ci="0" mb="2" cb="0"/><line nr="150" mi="3" ci="0" mb="0" cb="0"/><line nr="151" mi="3" ci="0" mb="2" cb="0"/><line nr="152" mi="4" ci="0" mb="0" cb="0"/><line nr="154" mi="4" ci="0" mb="0" cb="0"/><line nr="156" mi="3" ci="0" mb="0" cb="0"/><line nr="158" mi="3" ci="0" mb="2" cb="0"/><line nr="159" mi="3" ci="0" mb="0" cb="0"/><line nr="161" mi="3" ci="0" mb="0" cb="0"/><line nr="162" mi="21" ci="0" mb="2" cb="0"/><line nr="163" mi="11" ci="0" mb="0" cb="0"/><line nr="165" mi="3" ci="0" mb="0" cb="0"/><line nr="171" mi="0" ci="3" mb="0" cb="0"/><line nr="172" mi="0" ci="2" mb="1" cb="1"/><line nr="173" mi="4" ci="0" mb="0" cb="0"/><line nr="175" mi="0" ci="16" mb="1" cb="1"/><line nr="176" mi="11" ci="0" mb="0" cb="0"/><line nr="178" mi="0" ci="3" mb="0" cb="0"/><line nr="181" mi="0" ci="3" mb="0" cb="0"/><line nr="182" mi="0" ci="2" mb="1" cb="1"/><line nr="183" mi="4" ci="0" mb="0" cb="0"/><line nr="185" mi="0" ci="5" mb="1" cb="1"/><line nr="186" mi="4" ci="0" mb="0" cb="0"/><line nr="188" mi="0" ci="3" mb="0" cb="0"/><line nr="191" mi="0" ci="3" mb="0" cb="0"/><line nr="192" mi="0" ci="2" mb="1" cb="1"/><line nr="193" mi="4" ci="0" mb="0" cb="0"/><line nr="195" mi="0" ci="5" mb="1" cb="1"/><line nr="196" mi="4" ci="0" mb="0" cb="0"/><line nr="198" mi="0" ci="3" mb="0" cb="0"/><line nr="201" mi="0" ci="3" mb="0" cb="0"/><line nr="202" mi="0" ci="2" mb="1" cb="1"/><line nr="203" mi="4" ci="0" mb="0" cb="0"/><line nr="205" mi="0" ci="26" mb="1" cb="1"/><line nr="206" mi="11" ci="0" mb="0" cb="0"/><line nr="208" mi="0" ci="3" mb="0" cb="0"/><line nr="211" mi="0" ci="3" mb="0" cb="0"/><line nr="212" mi="0" ci="2" mb="1" cb="1"/><line nr="213" mi="4" ci="0" mb="0" cb="0"/><line nr="215" mi="0" ci="16" mb="1" cb="1"/><line nr="216" mi="11" ci="0" mb="0" cb="0"/><line nr="218" mi="0" ci="3" mb="0" cb="0"/><line nr="220" mi="0" ci="4" mb="1" cb="1"/><line nr="222" mi="0" ci="3" mb="0" cb="0"/><line nr="223" mi="0" ci="2" mb="1" cb="1"/><line nr="224" mi="4" ci="0" mb="0" cb="0"/><line nr="226" mi="0" ci="3" mb="1" cb="1"/><line nr="227" mi="11" ci="0" mb="0" cb="0"/><line nr="229" mi="0" ci="3" mb="0" cb="0"/><line nr="230" mi="4" ci="1" mb="2" cb="0"/><line nr="232" mi="3" ci="0" mb="0" cb="0"/><line nr="233" mi="2" ci="0" mb="2" cb="0"/><line nr="234" mi="4" ci="0" mb="0" cb="0"/><line nr="236" mi="3" ci="0" mb="2" cb="0"/><line nr="237" mi="11" ci="0" mb="0" cb="0"/><line nr="239" mi="3" ci="0" mb="0" cb="0"/><line nr="242" mi="0" ci="4" mb="0" cb="0"/><line nr="243" mi="0" ci="3" mb="0" cb="0"/><line nr="244" mi="0" ci="3" mb="0" cb="0"/><line nr="247" mi="0" ci="6" mb="0" cb="0"/><line nr="248" mi="1" ci="0" mb="0" cb="0"/><line nr="249" mi="5" ci="0" mb="0" cb="0"/><line nr="250" mi="4" ci="0" mb="0" cb="0"/><line nr="251" mi="0" ci="1" mb="0" cb="0"/><line nr="253" mi="0" ci="6" mb="1" cb="1"/><line nr="254" mi="4" ci="0" mb="0" cb="0"/><line nr="257" mi="0" ci="3" mb="0" cb="0"/><line nr="262" mi="0" ci="5" mb="0" cb="0"/><line nr="264" mi="0" ci="3" mb="0" cb="0"/><line nr="265" mi="0" ci="3" mb="1" cb="1"/><line nr="266" mi="4" ci="0" mb="0" cb="0"/><line nr="269" mi="0" ci="5" mb="0" cb="0"/><line nr="271" mi="0" ci="3" mb="0" cb="0"/><line nr="272" mi="0" ci="2" mb="1" cb="1"/><line nr="273" mi="4" ci="0" mb="0" cb="0"/><line nr="276" mi="0" ci="6" mb="0" cb="0"/><line nr="277" mi="0" ci="2" mb="1" cb="1"/><line nr="278" mi="11" ci="0" mb="0" cb="0"/><line nr="282" mi="0" ci="3" mb="0" cb="0"/><line nr="283" mi="0" ci="2" mb="1" cb="1"/><line nr="284" mi="0" ci="4" mb="0" cb="0"/><line nr="285" mi="0" ci="3" mb="0" cb="0"/><line nr="288" mi="0" ci="3" mb="0" cb="0"/><line nr="289" mi="0" ci="22" mb="0" cb="0"/><line nr="290" mi="0" ci="9" mb="1" cb="1"/><line nr="291" mi="11" ci="0" mb="0" cb="0"/><line nr="293" mi="0" ci="4" mb="0" cb="0"/><line nr="296" mi="0" ci="21" mb="1" cb="1"/><line nr="298" mi="0" ci="3" mb="0" cb="0"/><line nr="299" mi="0" ci="3" mb="1" cb="1"/><line nr="300" mi="4" ci="0" mb="0" cb="0"/><line nr="302" mi="0" ci="4" mb="0" cb="0"/><line nr="304" mi="0" ci="3" mb="0" cb="0"/><line nr="306" mi="0" ci="3" mb="1" cb="1"/><line nr="307" mi="3" ci="0" mb="0" cb="0"/><line nr="309" mi="3" ci="0" mb="0" cb="0"/><line nr="310" mi="21" ci="0" mb="2" cb="0"/><line nr="311" mi="11" ci="0" mb="0" cb="0"/><line nr="313" mi="3" ci="0" mb="0" cb="0"/><line nr="316" mi="0" ci="1" mb="0" cb="0"/><line nr="317" mi="3" ci="0" mb="0" cb="0"/><line nr="321" mi="0" ci="3" mb="0" cb="0"/><line nr="322" mi="0" ci="2" mb="1" cb="1"/><line nr="323" mi="4" ci="0" mb="0" cb="0"/><line nr="325" mi="0" ci="16" mb="1" cb="1"/><line nr="326" mi="11" ci="0" mb="0" cb="0"/><line nr="328" mi="0" ci="3" mb="0" cb="0"/><line nr="331" mi="0" ci="3" mb="0" cb="0"/><line nr="332" mi="0" ci="2" mb="1" cb="1"/><line nr="333" mi="4" ci="0" mb="0" cb="0"/><line nr="335" mi="0" ci="5" mb="1" cb="1"/><line nr="336" mi="4" ci="0" mb="0" cb="0"/><line nr="338" mi="0" ci="3" mb="0" cb="0"/><line nr="341" mi="0" ci="3" mb="0" cb="0"/><line nr="342" mi="0" ci="2" mb="1" cb="1"/><line nr="343" mi="4" ci="0" mb="0" cb="0"/><line nr="345" mi="0" ci="5" mb="1" cb="1"/><line nr="346" mi="4" ci="0" mb="0" cb="0"/><line nr="348" mi="0" ci="3" mb="0" cb="0"/><line nr="351" mi="0" ci="3" mb="0" cb="0"/><line nr="352" mi="0" ci="2" mb="1" cb="1"/><line nr="353" mi="4" ci="0" mb="0" cb="0"/><line nr="355" mi="0" ci="26" mb="1" cb="1"/><line nr="356" mi="11" ci="0" mb="0" cb="0"/><line nr="358" mi="0" ci="3" mb="0" cb="0"/><line nr="361" mi="0" ci="3" mb="0" cb="0"/><line nr="362" mi="0" ci="2" mb="1" cb="1"/><line nr="363" mi="4" ci="0" mb="0" cb="0"/><line nr="365" mi="0" ci="16" mb="1" cb="1"/><line nr="366" mi="11" ci="0" mb="0" cb="0"/><line nr="368" mi="0" ci="3" mb="0" cb="0"/><line nr="370" mi="0" ci="4" mb="1" cb="1"/><line nr="372" mi="3" ci="0" mb="0" cb="0"/><line nr="373" mi="2" ci="0" mb="2" cb="0"/><line nr="374" mi="4" ci="0" mb="0" cb="0"/><line nr="376" mi="3" ci="0" mb="2" cb="0"/><line nr="377" mi="11" ci="0" mb="0" cb="0"/><line nr="379" mi="3" ci="0" mb="0" cb="0"/><line nr="380" mi="1" ci="4" mb="1" cb="1"/><line nr="382" mi="0" ci="3" mb="0" cb="0"/><line nr="383" mi="0" ci="2" mb="1" cb="1"/><line nr="384" mi="4" ci="0" mb="0" cb="0"/><line nr="386" mi="0" ci="3" mb="1" cb="1"/><line nr="387" mi="11" ci="0" mb="0" cb="0"/><line nr="389" mi="0" ci="3" mb="0" cb="0"/><line nr="392" mi="0" ci="4" mb="0" cb="0"/><line nr="393" mi="0" ci="3" mb="0" cb="0"/><line nr="396" mi="0" ci="6" mb="0" cb="0"/><line nr="397" mi="1" ci="0" mb="0" cb="0"/><line nr="398" mi="5" ci="0" mb="0" cb="0"/><line nr="399" mi="4" ci="0" mb="0" cb="0"/><line nr="400" mi="0" ci="1" mb="0" cb="0"/><line nr="402" mi="0" ci="8" mb="1" cb="1"/><line nr="403" mi="4" ci="0" mb="0" cb="0"/><line nr="406" mi="0" ci="3" mb="0" cb="0"/><line nr="412" mi="0" ci="5" mb="0" cb="0"/><line nr="414" mi="0" ci="2" mb="1" cb="1"/><line nr="415" mi="4" ci="0" mb="0" cb="0"/><line nr="418" mi="0" ci="6" mb="0" cb="0"/><line nr="419" mi="0" ci="2" mb="1" cb="1"/><line nr="420" mi="3" ci="0" mb="0" cb="0"/><line nr="423" mi="0" ci="6" mb="0" cb="0"/><line nr="426" mi="0" ci="5" mb="0" cb="0"/><line nr="427" mi="1" ci="0" mb="0" cb="0"/><line nr="428" mi="5" ci="0" mb="0" cb="0"/><line nr="429" mi="4" ci="0" mb="0" cb="0"/><line nr="430" mi="0" ci="1" mb="0" cb="0"/><line nr="432" mi="0" ci="9" mb="1" cb="1"/><line nr="433" mi="4" ci="0" mb="0" cb="0"/><line nr="436" mi="0" ci="3" mb="0" cb="0"/><line nr="440" mi="0" ci="8" mb="0" cb="0"/><line nr="441" mi="0" ci="9" mb="0" cb="0"/><counter type="INSTRUCTION" missed="527" covered="599"/><counter type="BRANCH" missed="72" covered="50"/><counter type="LINE" missed="92" covered="130"/><counter type="COMPLEXITY" missed="61" covered="6"/><counter type="METHOD" missed="0" covered="6"/><counter type="CLASS" missed="0" covered="1"/></sourcefile><sourcefile name="GatewayApiController.java"><line nr="48" mi="0" ci="2" mb="0" cb="0"/><line nr="50" mi="0" ci="5" mb="0" cb="0"/><line nr="63" mi="0" ci="5" mb="0" cb="0"/><line nr="64" mi="0" ci="5" mb="0" cb="0"/><line nr="66" mi="0" ci="3" mb="1" cb="1"/><line nr="67" mi="4" ci="0" mb="0" cb="0"/><line nr="69" mi="0" ci="3" mb="1" cb="1"/><line nr="70" mi="4" ci="0" mb="0" cb="0"/><line nr="72" mi="0" ci="2" mb="1" cb="1"/><line nr="73" mi="4" ci="0" mb="0" cb="0"/><line nr="77" mi="0" ci="10" mb="0" cb="0"/><line nr="78" mi="0" ci="5" mb="0" cb="0"/><line nr="79" mi="0" ci="3" mb="0" cb="0"/><line nr="80" mi="1" ci="0" mb="0" cb="0"/><line nr="81" mi="5" ci="0" mb="0" cb="0"/><line nr="82" mi="4" ci="0" mb="0" cb="0"/><line nr="88" mi="0" ci="5" mb="0" cb="0"/><line nr="90" mi="0" ci="3" mb="0" cb="0"/><line nr="91" mi="0" ci="3" mb="1" cb="1"/><line nr="92" mi="4" ci="0" mb="0" cb="0"/><line nr="95" mi="0" ci="5" mb="0" cb="0"/><line nr="97" mi="0" ci="4" mb="0" cb="0"/><line nr="98" mi="0" ci="4" mb="0" cb="0"/><line nr="100" mi="0" ci="3" mb="0" cb="0"/><line nr="101" mi="0" ci="3" mb="1" cb="1"/><line nr="102" mi="4" ci="0" mb="0" cb="0"/><line nr="104" mi="0" ci="4" mb="0" cb="0"/><line nr="106" mi="0" ci="3" mb="0" cb="0"/><line nr="107" mi="0" ci="2" mb="1" cb="1"/><line nr="108" mi="4" ci="0" mb="0" cb="0"/><line nr="110" mi="0" ci="3" mb="0" cb="0"/><line nr="113" mi="0" ci="3" mb="0" cb="0"/><line nr="114" mi="0" ci="3" mb="1" cb="1"/><line nr="115" mi="4" ci="0" mb="0" cb="0"/><line nr="117" mi="0" ci="4" mb="0" cb="0"/><line nr="120" mi="0" ci="3" mb="0" cb="0"/><line nr="121" mi="0" ci="3" mb="1" cb="1"/><line nr="122" mi="4" ci="0" mb="0" cb="0"/><line nr="125" mi="0" ci="4" mb="0" cb="0"/><line nr="126" mi="0" ci="10" mb="0" cb="2"/><line nr="127" mi="0" ci="4" mb="0" cb="0"/><line nr="130" mi="0" ci="3" mb="0" cb="0"/><line nr="131" mi="0" ci="21" mb="1" cb="1"/><line nr="132" mi="11" ci="0" mb="0" cb="0"/><line nr="134" mi="0" ci="3" mb="0" cb="0"/><line nr="137" mi="0" ci="3" mb="0" cb="0"/><line nr="138" mi="0" ci="3" mb="1" cb="1"/><line nr="139" mi="4" ci="0" mb="0" cb="0"/><line nr="141" mi="0" ci="3" mb="0" cb="0"/><line nr="143" mi="0" ci="4" mb="0" cb="0"/><line nr="144" mi="0" ci="1" mb="0" cb="0"/><line nr="145" mi="0" ci="6" mb="0" cb="0"/><line nr="148" mi="0" ci="10" mb="0" cb="0"/><line nr="149" mi="8" ci="8" mb="1" cb="1"/><line nr="150" mi="11" ci="0" mb="0" cb="0"/><line nr="153" mi="0" ci="4" mb="0" cb="0"/><line nr="154" mi="0" ci="3" mb="0" cb="0"/><line nr="155" mi="0" ci="3" mb="0" cb="0"/><line nr="158" mi="0" ci="6" mb="0" cb="0"/><line nr="159" mi="1" ci="0" mb="0" cb="0"/><line nr="160" mi="5" ci="0" mb="0" cb="0"/><line nr="161" mi="4" ci="0" mb="0" cb="0"/><line nr="162" mi="0" ci="1" mb="0" cb="0"/><line nr="164" mi="0" ci="6" mb="1" cb="1"/><line nr="165" mi="4" ci="0" mb="0" cb="0"/><line nr="168" mi="0" ci="3" mb="0" cb="0"/><line nr="173" mi="0" ci="5" mb="0" cb="0"/><line nr="175" mi="0" ci="3" mb="0" cb="0"/><line nr="176" mi="0" ci="3" mb="1" cb="1"/><line nr="177" mi="4" ci="0" mb="0" cb="0"/><line nr="180" mi="0" ci="5" mb="0" cb="0"/><line nr="182" mi="0" ci="3" mb="0" cb="0"/><line nr="183" mi="0" ci="2" mb="1" cb="1"/><line nr="184" mi="4" ci="0" mb="0" cb="0"/><line nr="187" mi="0" ci="6" mb="0" cb="0"/><line nr="188" mi="0" ci="2" mb="1" cb="1"/><line nr="189" mi="11" ci="0" mb="0" cb="0"/><line nr="193" mi="0" ci="3" mb="0" cb="0"/><line nr="194" mi="0" ci="3" mb="1" cb="1"/><line nr="195" mi="4" ci="0" mb="0" cb="0"/><line nr="198" mi="0" ci="4" mb="0" cb="0"/><line nr="199" mi="0" ci="10" mb="0" cb="2"/><line nr="200" mi="0" ci="4" mb="0" cb="0"/><line nr="203" mi="0" ci="4" mb="0" cb="0"/><line nr="204" mi="0" ci="22" mb="1" cb="1"/><line nr="205" mi="11" ci="0" mb="0" cb="0"/><line nr="207" mi="0" ci="4" mb="0" cb="0"/><line nr="210" mi="0" ci="3" mb="0" cb="0"/><line nr="211" mi="0" ci="3" mb="1" cb="1"/><line nr="212" mi="4" ci="0" mb="0" cb="0"/><line nr="214" mi="0" ci="3" mb="0" cb="0"/><line nr="216" mi="0" ci="4" mb="0" cb="0"/><line nr="217" mi="0" ci="1" mb="0" cb="0"/><line nr="218" mi="0" ci="6" mb="0" cb="0"/><line nr="220" mi="0" ci="4" mb="0" cb="0"/><line nr="221" mi="0" ci="3" mb="0" cb="0"/><line nr="224" mi="0" ci="6" mb="0" cb="0"/><line nr="225" mi="1" ci="0" mb="0" cb="0"/><line nr="226" mi="5" ci="0" mb="0" cb="0"/><line nr="227" mi="4" ci="0" mb="0" cb="0"/><line nr="228" mi="0" ci="1" mb="0" cb="0"/><line nr="230" mi="0" ci="8" mb="1" cb="1"/><line nr="231" mi="4" ci="0" mb="0" cb="0"/><line nr="234" mi="0" ci="3" mb="0" cb="0"/><line nr="239" mi="0" ci="5" mb="0" cb="0"/><line nr="241" mi="0" ci="2" mb="1" cb="1"/><line nr="242" mi="4" ci="0" mb="0" cb="0"/><line nr="245" mi="0" ci="6" mb="0" cb="0"/><line nr="246" mi="0" ci="2" mb="1" cb="1"/><line nr="247" mi="3" ci="0" mb="0" cb="0"/><line nr="250" mi="0" ci="6" mb="0" cb="0"/><line nr="253" mi="0" ci="5" mb="0" cb="0"/><line nr="254" mi="1" ci="0" mb="0" cb="0"/><line nr="255" mi="5" ci="0" mb="0" cb="0"/><line nr="256" mi="4" ci="0" mb="0" cb="0"/><line nr="257" mi="0" ci="1" mb="0" cb="0"/><line nr="259" mi="0" ci="9" mb="1" cb="1"/><line nr="260" mi="4" ci="0" mb="0" cb="0"/><line nr="263" mi="0" ci="3" mb="0" cb="0"/><line nr="267" mi="0" ci="8" mb="0" cb="0"/><line nr="268" mi="0" ci="9" mb="0" cb="0"/><counter type="INSTRUCTION" missed="163" covered="394"/><counter type="BRANCH" missed="22" covered="26"/><counter type="LINE" missed="34" covered="87"/><counter type="COMPLEXITY" missed="24" covered="8"/><counter type="METHOD" missed="2" covered="6"/><counter type="CLASS" missed="0" covered="1"/></sourcefile><counter type="INSTRUCTION" missed="690" covered="993"/><counter type="BRANCH" missed="94" covered="76"/><counter type="LINE" missed="126" covered="217"/><counter type="COMPLEXITY" missed="85" covered="14"/><counter type="METHOD" missed="2" covered="12"/><counter type="CLASS" missed="0" covered="2"/></package><package name="com/alibaba/csp/sentinel/dashboard/domain/cluster/request"><class name="com/alibaba/csp/sentinel/dashboard/domain/cluster/request/ClusterServerModifyRequest" sourcefilename="ClusterServerModifyRequest.java"><method name="&lt;init&gt;" desc="()V" line="27"><counter type="INSTRUCTION" missed="3" covered="0"/><counter type="LINE" missed="1" covered="0"/><counter type="COMPLEXITY" missed="1" covered="0"/><counter type="METHOD" missed="1" covered="0"/></method><method name="getApp" desc="()Ljava/lang/String;" line="40"><counter type="INSTRUCTION" missed="3" covered="0"/><counter type="LINE" missed="1" covered="0"/><counter type="COMPLEXITY" missed="1" covered="0"/><counter type="METHOD" missed="1" covered="0"/></method><method name="setApp" desc="(Ljava/lang/String;)Lcom/alibaba/csp/sentinel/dashboard/domain/cluster/request/ClusterServerModifyRequest;" line="44"><counter type="INSTRUCTION" missed="5" covered="0"/><counter type="LINE" missed="2" covered="0"/><counter type="COMPLEXITY" missed="1" covered="0"/><counter type="METHOD" missed="1" covered="0"/></method><method name="getIp" desc="()Ljava/lang/String;" line="50"><counter type="INSTRUCTION" missed="3" covered="0"/><counter type="LINE" missed="1" covered="0"/><counter type="COMPLEXITY" missed="1" covered="0"/><counter type="METHOD" missed="1" covered="0"/></method><method name="setIp" desc="(Ljava/lang/String;)Lcom/alibaba/csp/sentinel/dashboard/domain/cluster/request/ClusterServerModifyRequest;" line="54"><counter type="INSTRUCTION" missed="5" covered="0"/><counter type="LINE" missed="2" covered="0"/><counter type="COMPLEXITY" missed="1" covered="0"/><counter type="METHOD" missed="1" covered="0"/></method><method name="getPort" desc="()Ljava/lang/Integer;" line="60"><counter type="INSTRUCTION" missed="3" covered="0"/><counter type="LINE" missed="1" covered="0"/><counter type="COMPLEXITY" missed="1" covered="0"/><counter type="METHOD" missed="1" covered="0"/></method><method name="setPort" desc="(Ljava/lang/Integer;)Lcom/alibaba/csp/sentinel/dashboard/domain/cluster/request/ClusterServerModifyRequest;" line="64"><counter type="INSTRUCTION" missed="5" covered="0"/><counter type="LINE" missed="2" covered="0"/><counter type="COMPLEXITY" missed="1" covered="0"/><counter type="METHOD" missed="1" covered="0"/></method><method name="getMode" desc="()Ljava/lang/Integer;" line="70"><counter type="INSTRUCTION" missed="3" covered="0"/><counter type="LINE" missed="1" covered="0"/><counter type="COMPLEXITY" missed="1" covered="0"/><counter type="METHOD" missed="1" covered="0"/></method><method name="setMode" desc="(Ljava/lang/Integer;)Lcom/alibaba/csp/sentinel/dashboard/domain/cluster/request/ClusterServerModifyRequest;" line="74"><counter type="INSTRUCTION" missed="5" covered="0"/><counter type="LINE" missed="2" covered="0"/><counter type="COMPLEXITY" missed="1" covered="0"/><counter type="METHOD" missed="1" covered="0"/></method><method name="getFlowConfig" desc="()Lcom/alibaba/csp/sentinel/dashboard/domain/cluster/config/ServerFlowConfig;" line="79"><counter type="INSTRUCTION" missed="3" covered="0"/><counter type="LINE" missed="1" covered="0"/><counter type="COMPLEXITY" missed="1" covered="0"/><counter type="METHOD" missed="1" covered="0"/></method><method name="setFlowConfig" desc="(Lcom/alibaba/csp/sentinel/dashboard/domain/cluster/config/ServerFlowConfig;)Lcom/alibaba/csp/sentinel/dashboard/domain/cluster/request/ClusterServerModifyRequest;" line="84"><counter type="INSTRUCTION" missed="5" covered="0"/><counter type="LINE" missed="2" covered="0"/><counter type="COMPLEXITY" missed="1" covered="0"/><counter type="METHOD" missed="1" covered="0"/></method><method name="getTransportConfig" desc="()Lcom/alibaba/csp/sentinel/dashboard/domain/cluster/config/ServerTransportConfig;" line="89"><counter type="INSTRUCTION" missed="3" covered="0"/><counter type="LINE" missed="1" covered="0"/><counter type="COMPLEXITY" missed="1" covered="0"/><counter type="METHOD" missed="1" covered="0"/></method><method name="setTransportConfig" desc="(Lcom/alibaba/csp/sentinel/dashboard/domain/cluster/config/ServerTransportConfig;)Lcom/alibaba/csp/sentinel/dashboard/domain/cluster/request/ClusterServerModifyRequest;" line="94"><counter type="INSTRUCTION" missed="5" covered="0"/><counter type="LINE" missed="2" covered="0"/><counter type="COMPLEXITY" missed="1" covered="0"/><counter type="METHOD" missed="1" covered="0"/></method><method name="getNamespaceSet" desc="()Ljava/util/Set;" line="99"><counter type="INSTRUCTION" missed="3" covered="0"/><counter type="LINE" missed="1" covered="0"/><counter type="COMPLEXITY" missed="1" covered="0"/><counter type="METHOD" missed="1" covered="0"/></method><method name="setNamespaceSet" desc="(Ljava/util/Set;)Lcom/alibaba/csp/sentinel/dashboard/domain/cluster/request/ClusterServerModifyRequest;" line="103"><counter type="INSTRUCTION" missed="5" covered="0"/><counter type="LINE" missed="2" 
[...]
42" mi="1" ci="0" mb="0" cb="0"/><line nr="143" mi="5" ci="0" mb="0" cb="0"/><line nr="144" mi="5" ci="0" mb="0" cb="0"/><line nr="150" mi="3" ci="0" mb="2" cb="0"/><line nr="151" mi="4" ci="0" mb="0" cb="0"/><line nr="154" mi="6" ci="0" mb="0" cb="0"/><line nr="155" mi="2" ci="0" mb="0" cb="0"/><line nr="156" mi="1" ci="0" mb="0" cb="0"/><line nr="157" mi="2" ci="0" mb="0" cb="0"/><line nr="158" mi="1" ci="0" mb="0" cb="0"/><line nr="159" mi="13" ci="0" mb="0" cb="0"/><line nr="160" mi="4" ci="0" mb="0" cb="0"/><line nr="161" mi="1" ci="0" mb="0" cb="0"/><line nr="162" mi="12" ci="0" mb="0" cb="0"/><line nr="163" mi="5" ci="0" mb="0" cb="0"/><line nr="169" mi="3" ci="0" mb="2" cb="0"/><line nr="170" mi="4" ci="0" mb="0" cb="0"/><line nr="173" mi="6" ci="0" mb="0" cb="0"/><line nr="174" mi="2" ci="0" mb="0" cb="0"/><line nr="175" mi="1" ci="0" mb="0" cb="0"/><line nr="176" mi="2" ci="0" mb="0" cb="0"/><line nr="177" mi="1" ci="0" mb="0" cb="0"/><line nr="178" mi="13" ci="0" mb="0" cb="0"/><line nr="179" mi="4" ci="0" mb="0" cb="0"/><line nr="180" mi="1" ci="0" mb="0" cb="0"/><line nr="181" mi="12" ci="0" mb="0" cb="0"/><line nr="182" mi="5" ci="0" mb="0" cb="0"/><line nr="188" mi="3" ci="0" mb="2" cb="0"/><line nr="189" mi="4" ci="0" mb="0" cb="0"/><line nr="192" mi="6" ci="0" mb="0" cb="0"/><line nr="193" mi="1" ci="0" mb="0" cb="0"/><line nr="194" mi="2" ci="0" mb="0" cb="0"/><line nr="195" mi="1" ci="0" mb="0" cb="0"/><line nr="196" mi="13" ci="0" mb="0" cb="0"/><line nr="197" mi="4" ci="0" mb="0" cb="0"/><line nr="198" mi="1" ci="0" mb="0" cb="0"/><line nr="199" mi="12" ci="0" mb="0" cb="0"/><line nr="200" mi="5" ci="0" mb="0" cb="0"/><line nr="205" mi="3" ci="0" mb="0" cb="0"/><line nr="210" mi="9" ci="0" mb="0" cb="0"/><line nr="211" mi="8" ci="0" mb="0" cb="0"/><line nr="212" mi="8" ci="0" mb="0" cb="0"/><line nr="213" mi="7" ci="0" mb="0" cb="0"/><line nr="214" mi="4" ci="0" mb="0" cb="0"/><line nr="216" mi="1" ci="0" mb="0" cb="0"/><line nr="217" mi="2" ci="0" mb="0" cb="0"/><line nr="222" mi="4" ci="0" mb="2" cb="0"/><line nr="223" mi="4" ci="0" mb="0" cb="0"/><line nr="225" mi="4" ci="0" mb="2" cb="0"/><line nr="226" mi="4" ci="0" mb="0" cb="0"/><line nr="228" mi="7" ci="0" mb="4" cb="0"/><line nr="229" mi="4" ci="0" mb="0" cb="0"/><line nr="231" mi="7" ci="0" mb="4" cb="0"/><line nr="232" mi="4" ci="0" mb="0" cb="0"/><line nr="234" mi="10" ci="0" mb="2" cb="0"/><line nr="235" mi="3" ci="0" mb="0" cb="0"/><line nr="237" mi="2" ci="0" mb="0" cb="0"/><line nr="241" mi="4" ci="0" mb="0" cb="0"/><counter type="INSTRUCTION" missed="452" covered="0"/><counter type="BRANCH" missed="43" covered="0"/><counter type="LINE" missed="104" covered="0"/><counter type="COMPLEXITY" missed="36" covered="0"/><counter type="METHOD" missed="14" covered="0"/><counter type="CLASS" missed="1" covered="0"/></sourcefile><counter type="INSTRUCTION" missed="598" covered="0"/><counter type="BRANCH" missed="63" covered="0"/><counter type="LINE" missed="133" covered="0"/><counter type="COMPLEXITY" missed="50" covered="0"/><counter type="METHOD" missed="18" covered="0"/><counter type="CLASS" missed="2" covered="0"/></package><package name="com/alibaba/csp/sentinel/dashboard/repository/rule"><class name="com/alibaba/csp/sentinel/dashboard/repository/rule/InMemDegradeRuleStore" sourcefilename="InMemDegradeRuleStore.java"><method name="&lt;init&gt;" desc="()V" line="28"><counter type="INSTRUCTION" missed="3" covered="0"/><counter type="LINE" missed="1" covered="0"/><counter type="COMPLEXITY" missed="1" covered="0"/><counter type="METHOD" missed="1" covered="0"/></method><method name="nextId" desc="()J" line="34"><counter type="INSTRUCTION" missed="3" covered="0"/><counter type="LINE" missed="1" covered="0"/><counter type="COMPLEXITY" missed="1" covered="0"/><counter type="METHOD" missed="1" covered="0"/></method><method name="&lt;clinit&gt;" desc="()V" line="30"><counter type="INSTRUCTION" missed="6" covered="0"/><counter type="LINE" missed="1" covered="0"/><counter type="COMPLEXITY" missed="1" covered="0"/><counter type="METHOD" missed="1" covered="0"/></method><counter type="INSTRUCTION" missed="12" covered="0"/><counter type="LINE" missed="3" covered="0"/><counter type="COMPLEXITY" missed="3" covered="0"/><counter type="METHOD" missed="3" covered="0"/><counter type="CLASS" missed="1" covered="0"/></class><class name="com/alibaba/csp/sentinel/dashboard/repository/rule/InMemoryRuleRepositoryAdapter" sourcefilename="InMemoryRuleRepositoryAdapter.java"><method name="&lt;init&gt;" desc="()V" line="30"><counter type="INSTRUCTION" missed="0" covered="21"/><counter type="LINE" missed="0" covered="4"/><counter type="COMPLEXITY" missed="0" covered="1"/><counter type="METHOD" missed="0" covered="1"/></method><method name="save" desc="(Lcom/alibaba/csp/sentinel/dashboard/datasource/entity/rule/RuleEntity;)Lcom/alibaba/csp/sentinel/dashboard/datasource/entity/rule/RuleEntity;" line="44"><counter type="INSTRUCTION" missed="0" covered="52"/><counter type="BRANCH" missed="1" covered="3"/><counter type="LINE" missed="0" covered="11"/><counter type="COMPLEXITY" missed="1" covered="2"/><counter type="METHOD" missed="0" covered="1"/></method><method name="saveAll" desc="(Ljava/util/List;)Ljava/util/List;" line="63"><counter type="INSTRUCTION" missed="2" covered="36"/><counter type="BRANCH" missed="1" covered="3"/><counter type="LINE" missed="1" covered="9"/><counter type="COMPLEXITY" missed="1" covered="2"/><counter type="METHOD" missed="0" covered="1"/></method><method name="delete" desc="(Ljava/lang/Long;)Lcom/alibaba/csp/sentinel/dashboard/datasource/entity/rule/RuleEntity;" line="79"><counter type="INSTRUCTION" missed="0" covered="39"/><counter type="BRANCH" missed="2" covered="2"/><counter type="LINE" missed="0" covered="6"/><counter type="COMPLEXITY" missed="2" covered="1"/><counter type="METHOD" missed="0" covered="1"/></method><method name="findById" desc="(Ljava/lang/Long;)Lcom/alibaba/csp/sentinel/dashboard/datasource/entity/rule/RuleEntity;" line="91"><counter type="INSTRUCTION" missed="0" covered="6"/><counter type="LINE" missed="0" covered="1"/><counter type="COMPLEXITY" missed="0" covered="1"/><counter type="METHOD" missed="0" covered="1"/></method><method name="findAllByMachine" desc="(Lcom/alibaba/csp/sentinel/dashboard/discovery/MachineInfo;)Ljava/util/List;" line="96"><counter type="INSTRUCTION" missed="0" covered="18"/><counter type="BRANCH" missed="0" covered="2"/><counter type="LINE" missed="0" covered="4"/><counter type="COMPLEXITY" missed="0" covered="2"/><counter type="METHOD" missed="0" covered="1"/></method><method name="findAllByApp" desc="(Ljava/lang/String;)Ljava/util/List;" line="105"><counter type="INSTRUCTION" missed="4" covered="17"/><counter type="BRANCH" missed="1" covered="1"/><counter type="LINE" missed="1" covered="4"/><counter type="COMPLEXITY" missed="1" covered="1"/><counter type="METHOD" missed="0" covered="1"/></method><method name="clearAll" desc="()V" line="114"><counter type="INSTRUCTION" missed="0" covered="10"/><counter type="LINE" missed="0" covered="4"/><counter type="COMPLEXITY" missed="0" covered="1"/><counter type="METHOD" missed="0" covered="1"/></method><method name="preProcess" desc="(Lcom/alibaba/csp/sentinel/dashboard/datasource/entity/rule/RuleEntity;)Lcom/alibaba/csp/sentinel/dashboard/datasource/entity/rule/RuleEntity;" line="120"><counter type="INSTRUCTION" missed="0" covered="2"/><counter type="LINE" missed="0" covered="1"/><counter type="COMPLEXITY" missed="0" covered="1"/><counter type="METHOD" missed="0" covered="1"/></method><method name="lambda$save$1" desc="(Ljava/lang/String;)Ljava/util/Map;" line="53"><counter type="INSTRUCTION" missed="0" covered="5"/><counter type="LINE" missed="0" covered="1"/><counter type="COMPLEXITY" missed="0" covered="1"/><counter type="METHOD" missed="0" covered="1"/></method><method name="lambda$save$0" desc="(Lcom/alibaba/csp/sentinel/dashboard/discovery/MachineInfo;)Ljava/util/Map;" line="51"><counter type="INSTRUCTION" missed="0" covered="5"/><counter type="LINE" missed="0" covered="1"/><counter type="COMPLEXITY" missed="0" covered="1"/><counter type="METHOD" missed="0" covered="1"/></method><counter type="INSTRUCTION" missed="6" covered="211"/><counter type="BRANCH" missed="5" covered="11"/><counter type="LINE" missed="2" covered="44"/><counter type="COMPLEXITY" missed="5" covered="14"/><counter type="METHOD" missed="0" covered="11"/><counter type="CLASS" missed="0" covered="1"/></class><class name="com/alibaba/csp/sentinel/dashboard/repository/rule/InMemSystemRuleStore" sourcefilename="InMemSystemRuleStore.java"><method name="&lt;init&gt;" desc="()V" line="28"><counter type="INSTRUCTION" missed="3" covered="0"/><counter type="LINE" missed="1" covered="0"/><counter type="COMPLEXITY" missed="1" covered="0"/><counter type="METHOD" missed="1" covered="0"/></method><method name="nextId" desc="()J" line="34"><counter type="INSTRUCTION" missed="3" covered="0"/><counter type="LINE" missed="1" covered="0"/><counter type="COMPLEXITY" missed="1" covered="0"/><counter type="METHOD" missed="1" covered="0"/></method><method name="&lt;clinit&gt;" desc="()V" line="30"><counter type="INSTRUCTION" missed="6" covered="0"/><counter type="LINE" missed="1" covered="0"/><counter type="COMPLEXITY" missed="1" covered="0"/><counter type="METHOD" missed="1" covered="0"/></method><counter type="INSTRUCTION" missed="12" covered="0"/><counter type="LINE" missed="3" covered="0"/><counter type="COMPLEXITY" missed="3" covered="0"/><counter type="METHOD" missed="3" covered="0"/><counter type="CLASS" missed="1" covered="0"/></class><class name="com/alibaba/csp/sentinel/dashboard/repository/rule/InMemFlowRuleStore" sourcefilename="InMemFlowRuleStore.java"><method name="&lt;init&gt;" desc="()V" line="31"><counter type="INSTRUCTION" missed="3" covered="0"/><counter type="LINE" missed="1" covered="0"/><counter type="COMPLEXITY" missed="1" covered="0"/><counter type="METHOD" missed="1" covered="0"/></method><method name="nextId" desc="()J" line="37"><counter type="INSTRUCTION" missed="3" covered="0"/><counter type="LINE" missed="1" covered="0"/><counter type="COMPLEXITY" missed="1" covered="0"/><counter type="METHOD" missed="1" covered="0"/></method><method name="preProcess" desc="(Lcom/alibaba/csp/sentinel/dashboard/datasource/entity/rule/FlowRuleEntity;)Lcom/alibaba/csp/sentinel/dashboard/datasource/entity/rule/FlowRuleEntity;" line="42"><counter type="INSTRUCTION" missed="25" covered="0"/><counter type="BRANCH" missed="6" covered="0"/><counter type="LINE" missed="7" covered="0"/><counter type="COMPLEXITY" missed="4" covered="0"/><counter type="METHOD" missed="1" covered="0"/></method><method name="&lt;clinit&gt;" desc="()V" line="33"><counter type="INSTRUCTION" missed="6" covered="0"/><counter type="LINE" missed="1" covered="0"/><counter type="COMPLEXITY" missed="1" covered="0"/><counter type="METHOD" missed="1" covered="0"/></method><counter type="INSTRUCTION" missed="37" covered="0"/><counter type="BRANCH" missed="6" covered="0"/><counter type="LINE" missed="10" covered="0"/><counter type="COMPLEXITY" missed="7" covered="0"/><counter type="METHOD" missed="4" covered="0"/><counter type="CLASS" missed="1" covered="0"/></class><class name="com/alibaba/csp/sentinel/dashboard/repository/rule/InMemAuthorityRuleStore" sourcefilename="InMemAuthorityRuleStore.java"><method name="&lt;init&gt;" desc="()V" line="31"><counter type="INSTRUCTION" missed="3" covered="0"/><counter type="LINE" missed="1" covered="0"/><counter type="COMPLEXITY" missed="1" covered="0"/><counter type="METHOD" missed="1" covered="0"/></method><method name="nextId" desc="()J" line="37"><counter type="INSTRUCTION" missed="3" covered="0"/><counter type="LINE" missed="1" covered="0"/><counter type="COMPLEXITY" missed="1" covered="0"/><counter type="METHOD" missed="1" covered="0"/></method><method name="&lt;clinit&gt;" desc="()V" line="33"><counter type="INSTRUCTION" missed="6" covered="0"/><counter type="LINE" missed="1" covered="0"/><counter type="COMPLEXITY" missed="1" covered="0"/><counter type="METHOD" missed="1" covered="0"/></method><counter type="INSTRUCTION" missed="12" covered="0"/><counter type="LINE" missed="3" covered="0"/><counter type="COMPLEXITY" missed="3" covered="0"/><counter type="METHOD" missed="3" covered="0"/><counter type="CLASS" missed="1" covered="0"/></class><class name="com/alibaba/csp/sentinel/dashboard/repository/rule/InMemParamFlowRuleStore" sourcefilename="InMemParamFlowRuleStore.java"><method name="&lt;init&gt;" desc="()V" line="30"><counter type="INSTRUCTION" missed="3" covered="0"/><counter type="LINE" missed="1" covered="0"/><counter type="COMPLEXITY" missed="1" covered="0"/><counter type="METHOD" missed="1" covered="0"/></method><method name="nextId" desc="()J" line="36"><counter type="INSTRUCTION" missed="3" covered="0"/><counter type="LINE" missed="1" covered="0"/><counter type="COMPLEXITY" missed="1" covered="0"/><counter type="METHOD" missed="1" covered="0"/></method><method name="preProcess" desc="(Lcom/alibaba/csp/sentinel/dashboard/datasource/entity/rule/ParamFlowRuleEntity;)Lcom/alibaba/csp/sentinel/dashboard/datasource/entity/rule/ParamFlowRuleEntity;" line="41"><counter type="INSTRUCTION" missed="21" covered="0"/><counter type="BRANCH" missed="6" covered="0"/><counter type="LINE" missed="6" covered="0"/><counter type="COMPLEXITY" missed="4" covered="0"/><counter type="METHOD" missed="1" covered="0"/></method><method name="&lt;clinit&gt;" desc="()V" line="32"><counter type="INSTRUCTION" missed="6" covered="0"/><counter type="LINE" missed="1" covered="0"/><counter type="COMPLEXITY" missed="1" covered="0"/><counter type="METHOD" missed="1" covered="0"/></method><counter type="INSTRUCTION" missed="33" covered="0"/><counter type="BRANCH" missed="6" covered="0"/><counter type="LINE" missed="9" covered="0"/><counter type="COMPLEXITY" missed="7" covered="0"/><counter type="METHOD" missed="4" covered="0"/><counter type="CLASS" missed="1" covered="0"/></class><class name="com/alibaba/csp/sentinel/dashboard/repository/rule/RuleRepository" sourcefilename="RuleRepository.java"/><sourcefile name="InMemDegradeRuleStore.java"><line nr="28" mi="3" ci="0" mb="0" cb="0"/><line nr="30" mi="6" ci="0" mb="0" cb="0"/><line nr="34" mi="3" ci="0" mb="0" cb="0"/><counter type="INSTRUCTION" missed="12" covered="0"/><counter type="LINE" missed="3" covered="0"/><counter type="COMPLEXITY" missed="3" covered="0"/><counter type="METHOD" missed="3" covered="0"/><counter type="CLASS" missed="1" covered="0"/></sourcefile><sourcefile name="InMemAuthorityRuleStore.java"><line nr="31" mi="3" ci="0" mb="0" cb="0"/><line nr="33" mi="6" ci="0" mb="0" cb="0"/><line nr="37" mi="3" ci="0" mb="0" cb="0"/><counter type="INSTRUCTION" missed="12" covered="0"/><counter type="LINE" missed="3" covered="0"/><counter type="COMPLEXITY" missed="3" covered="0"/><counter type="METHOD" missed="3" covered="0"/><counter type="CLASS" missed="1" covered="0"/></sourcefile><sourcefile name="InMemoryRuleRepositoryAdapter.java"><line nr="30" mi="0" ci="2" mb="0" cb="0"/><line nr="35" mi="0" ci="6" mb="0" cb="0"/><line nr="36" mi="0" ci="6" mb="0" cb="0"/><line nr="38" mi="0" ci="7" mb="0" cb="0"/><line nr="44" mi="0" ci="3" mb="0" cb="2"/><line nr="45" mi="0" ci="5" mb="0" cb="0"/><line nr="47" mi="0" ci="4" mb="0" cb="0"/><line nr="48" mi="0" ci="2" mb="1" cb="1"/><line nr="49" mi="0" ci="7" mb="0" cb="0"/><line nr="50" mi="0" ci="12" mb="0" cb="0"/><line nr="51" mi="0" ci="6" mb="0" cb="0"/><line nr="52" mi="0" ci="4" mb="0" cb="0"/><line nr="53" mi="0" ci="13" mb="0" cb="0"/><line nr="54" mi="0" ci="4" mb="0" cb="0"/><line nr="57" mi="0" ci="2" mb="0" cb="0"/><line nr="63" mi="0" ci="3" mb="0" cb="0"/><line nr="64" mi="0" ci="3" mb="0" cb="0"/><line nr="65" mi="0" ci="3" mb="0" cb="0"/><line nr="67" mi="0" ci="2" mb="1" cb="1"/><line nr="68" mi="2" ci="0" mb="0" cb="0"/><line nr="70" mi="0" ci="6" mb="0" cb="0"/><line nr="71" mi="0" ci="10" mb="0" cb="2"/><line nr="72" mi="0" ci="6" mb="0" cb="0"/><line nr="73" mi="0" ci="1" mb="0" cb="0"/><line nr="74" mi="0" ci="2" mb="0" cb="0"/><line nr="79" mi="0" ci="6" mb="0" cb="0"/><line nr="80" mi="0" ci="2" mb="1" cb="1"/><line nr="81" mi="0" ci="6" mb="1" cb="1"/><line nr="82" mi="0" ci="9" mb="0" cb="0"/><line nr="84" mi="0" ci="14" mb="0" cb="0"/><line nr="86" mi="0" ci="2" mb="0" cb="0"/><line nr="91" mi="0" ci="6" mb="0" cb="0"/><line nr="96" mi="0" ci="6" mb="0" cb="0"/><line nr="97" mi="0" ci="2" mb="0" cb="2"/><line nr="98" mi="0" ci="4" mb="0" cb="0"/><line nr="100" mi="0" ci="6" mb="0" cb="0"/><line nr="105" mi="0" ci="3" mb="0" cb="0"/><line nr="106" mi="0" ci="6" mb="0" cb="0"/><line nr="107" mi="0" ci="2" mb="1" cb="1"/><line nr="108" mi="4" ci="0" mb="0" cb="0"/><line nr="110" mi="0" ci="6" mb="0" cb="0"/><line nr="114" mi="0" ci="3" mb="0" cb="0"/><line nr="115" mi="0" ci="3" mb="0" cb="0"/><line nr="116" mi="0" ci="3" mb="0" cb="0"/><line nr="117" mi="0" ci="1" mb="0" cb="0"/><line nr="120" mi="0" ci="2" mb="0" cb="0"/><counter type="INSTRUCTION" missed="6" covered="211"/><counter type="BRANCH" missed="5" covered="11"/><counter type="LINE" missed="2" covered="44"/><counter type="COMPLEXITY" missed="5" covered="14"/><counter type="METHOD" missed="0" covered="11"/><counter type="CLASS" missed="0" covered="1"/></sourcefile><sourcefile name="InMemSystemRuleStore.java"><line nr="28" mi="3" ci="0" mb="0" cb="0"/><line nr="30" mi="6" ci="0" mb="0" cb="0"/><line nr="34" mi="3" ci="0" mb="0" cb="0"/><counter type="INSTRUCTION" missed="12" covered="0"/><counter type="LINE" missed="3" covered="0"/><counter type="COMPLEXITY" missed="3" covered="0"/><counter type="METHOD" missed="3" covered="0"/><counter type="CLASS" missed="1" covered="0"/></sourcefile><sourcefile name="RuleRepository.java"/><sourcefile name="InMemParamFlowRuleStore.java"><line nr="30" mi="3" ci="0" mb="0" cb="0"/><line nr="32" mi="6" ci="0" mb="0" cb="0"/><line nr="36" mi="3" ci="0" mb="0" cb="0"/><line nr="41" mi="5" ci="0" mb="4" cb="0"/><line nr="42" mi="3" ci="0" mb="0" cb="0"/><line nr="43" mi="2" ci="0" mb="2" cb="0"/><line nr="44" mi="4" ci="0" mb="0" cb="0"/><line nr="47" mi="5" ci="0" mb="0" cb="0"/><line nr="49" mi="2" ci="0" mb="0" cb="0"/><counter type="INSTRUCTION" missed="33" covered="0"/><counter type="BRANCH" missed="6" covered="0"/><counter type="LINE" missed="9" covered="0"/><counter type="COMPLEXITY" missed="7" covered="0"/><counter type="METHOD" missed="4" covered="0"/><counter type="CLASS" missed="1" covered="0"/></sourcefile><sourcefile name="InMemFlowRuleStore.java"><line nr="31" mi="3" ci="0" mb="0" cb="0"/><line nr="33" mi="6" ci="0" mb="0" cb="0"/><line nr="37" mi="3" ci="0" mb="0" cb="0"/><line nr="42" mi="5" ci="0" mb="4" cb="0"/><line nr="43" mi="3" ci="0" mb="0" cb="0"/><line nr="44" mi="2" ci="0" mb="2" cb="0"/><line nr="45" mi="4" ci="0" mb="0" cb="0"/><line nr="46" mi="4" ci="0" mb="0" cb="0"/><line nr="49" mi="5" ci="0" mb="0" cb="0"/><line nr="51" mi="2" ci="0" mb="0" cb="0"/><counter type="INSTRUCTION" missed="37" covered="0"/><counter type="BRANCH" missed="6" covered="0"/><counter type="LINE" missed="10" covered="0"/><counter type="COMPLEXITY" missed="7" covered="0"/><counter type="METHOD" missed="4" covered="0"/><counter type="CLASS" missed="1" covered="0"/></sourcefile><counter type="INSTRUCTION" missed="112" covered="211"/><counter type="BRANCH" missed="17" covered="11"/><counter type="LINE" missed="30" covered="44"/><counter type="COMPLEXITY" missed="28" covered="14"/><counter type="METHOD" missed="17" covered="11"/><counter type="CLASS" missed="5" covered="1"/></package><counter type="INSTRUCTION" missed="15188" covered="3400"/><counter type="BRANCH" missed="1275" covered="221"/><counter type="LINE" missed="3384" covered="868"/><counter type="COMPLEXITY" missed="1632" covered="328"/><counter type="METHOD" missed="919" covered="291"/><counter type="CLASS" missed="85" covered="32"/></report>